2024-02-01 18:43:08,067 [INFO] Activator:176 - 


2024-02-01 18:43:08,069 [INFO] Activator:177 - !SESSION log4j initialized
2024-02-01 18:43:10,482 [INFO] LogOutputStream:77 - [STDOUT_REDIRECT] 
2024-02-01 18:43:20,841 [INFO] ApplicationProperties:184 - Using Application install path: C:\ST\STM32CubeIDE_1.7.0\STM32CubeIDE\plugins\com.st.stm32cube.common.mx_6.8.0.202302231600
2024-02-01 18:43:20,859 [INFO] DbMcusXml:78 - Set database path to: C:\ST\STM32CubeIDE_1.7.0\STM32CubeIDE\plugins\com.st.stm32cube.common.mx_6.8.0.202302231600\\db\/mcu/
2024-02-01 18:43:20,860 [INFO] ApiDb:274 - Set plugin database path to: C:\ST\STM32CubeIDE_1.7.0\STM32CubeIDE\plugins\com.st.stm32cube.common.mx_6.8.0.202302231600\\db\/plugins/boardmanager/
2024-02-01 18:43:20,861 [WARN] ApiDb:259 - Overriding images path with different value:  => C:\ST\STM32CubeIDE_1.7.0\STM32CubeIDE\plugins\com.st.stm32cube.common.mx_6.8.0.202302231600\\db\/plugins/mcufinder/images/
2024-02-01 18:43:20,878 [INFO] ApiDb:250 - Set database path to: C:\Users\Huy\.stmcufinder\plugins\mcufinder//mcu/
2024-02-01 18:43:20,879 [INFO] DbMcusAds:125 - Set database path to: C:\Users\Huy\.stmcufinder\plugins\mcufinder//mcu/
2024-02-01 18:43:20,889 [INFO] CrossReferenceDbSqlite:203 - Set database path to: C:\Users\Huy\.stmcufinder\plugins\mcufinder//mcu/cs/
2024-02-01 18:43:21,040 [INFO] RulesReader:64 - Compatibility file has been processed (293 Rules)
2024-02-01 18:43:21,125 [INFO] DbMcusXml:78 - Set database path to: C:\ST\STM32CubeIDE_1.7.0\STM32CubeIDE\plugins\com.st.stm32cube.common.mx_6.8.0.202302231600\\db\/mcu/
2024-02-01 18:43:21,125 [INFO] ApiDb:274 - Set plugin database path to: C:\ST\STM32CubeIDE_1.7.0\STM32CubeIDE\plugins\com.st.stm32cube.common.mx_6.8.0.202302231600\\db\/plugins/boardmanager/
2024-02-01 18:43:21,125 [INFO] ApiDb:261 - Set plugin images path to: C:\ST\STM32CubeIDE_1.7.0\STM32CubeIDE\plugins\com.st.stm32cube.common.mx_6.8.0.202302231600\\db\/plugins/mcufinder/images/
2024-02-01 18:43:21,125 [WARN] DbFile:41 - Overriding database path with different value: C:\Users\Huy\.stmcufinder\plugins\mcufinder/ => C:\Users\Huy\.stmcufinder\plugins\mcufinder
2024-02-01 18:43:21,126 [INFO] ApiDb:250 - Set database path to: C:\Users\Huy\.stmcufinder\plugins\mcufinder//mcu/
2024-02-01 18:43:21,126 [WARN] DbFile:41 - Overriding database path with different value: C:\Users\Huy\.stmcufinder\plugins\mcufinder/ => C:\Users\Huy\.stmcufinder\plugins\mcufinder
2024-02-01 18:43:21,126 [INFO] DbMcusAds:125 - Set database path to: C:\Users\Huy\.stmcufinder\plugins\mcufinder//mcu/
2024-02-01 18:43:21,126 [WARN] DbFile:41 - Overriding database path with different value: C:\Users\Huy\.stmcufinder\plugins\mcufinder/ => C:\Users\Huy\.stmcufinder\plugins\mcufinder
2024-02-01 18:43:21,126 [WARN] DbFile:41 - Overriding database path with different value: C:\Users\Huy\.stmcufinder\plugins\mcufinder/ => C:\Users\Huy\.stmcufinder\plugins\mcufinder
2024-02-01 18:43:21,126 [INFO] CrossReferenceDbSqlite:203 - Set database path to: C:\Users\Huy\.stmcufinder\plugins\mcufinder//mcu/cs/
2024-02-01 18:43:21,200 [INFO] MainPanel:253 - HeapMemory: 268435456
2024-02-01 18:43:21,308 [INFO] DbMcusXml:78 - Set database path to: C:\ST\STM32CubeIDE_1.7.0\STM32CubeIDE\plugins\com.st.stm32cube.common.mx_6.8.0.202302231600\\db\/mcu/
2024-02-01 18:43:21,308 [INFO] ApiDb:274 - Set plugin database path to: C:\ST\STM32CubeIDE_1.7.0\STM32CubeIDE\plugins\com.st.stm32cube.common.mx_6.8.0.202302231600\\db\/plugins/boardmanager/
2024-02-01 18:43:21,308 [INFO] ApiDb:261 - Set plugin images path to: C:\ST\STM32CubeIDE_1.7.0\STM32CubeIDE\plugins\com.st.stm32cube.common.mx_6.8.0.202302231600\\db\/plugins/mcufinder/images/
2024-02-01 18:43:21,308 [WARN] DbFile:41 - Overriding database path with different value: C:\Users\Huy\.stmcufinder\plugins\mcufinder/ => C:\Users\Huy\.stmcufinder\plugins\mcufinder
2024-02-01 18:43:21,308 [INFO] ApiDb:250 - Set database path to: C:\Users\Huy\.stmcufinder\plugins\mcufinder//mcu/
2024-02-01 18:43:21,309 [WARN] DbFile:41 - Overriding database path with different value: C:\Users\Huy\.stmcufinder\plugins\mcufinder/ => C:\Users\Huy\.stmcufinder\plugins\mcufinder
2024-02-01 18:43:21,309 [INFO] DbMcusAds:125 - Set database path to: C:\Users\Huy\.stmcufinder\plugins\mcufinder//mcu/
2024-02-01 18:43:21,309 [WARN] DbFile:41 - Overriding database path with different value: C:\Users\Huy\.stmcufinder\plugins\mcufinder/ => C:\Users\Huy\.stmcufinder\plugins\mcufinder
2024-02-01 18:43:21,309 [WARN] DbFile:41 - Overriding database path with different value: C:\Users\Huy\.stmcufinder\plugins\mcufinder/ => C:\Users\Huy\.stmcufinder\plugins\mcufinder
2024-02-01 18:43:21,309 [INFO] CrossReferenceDbSqlite:203 - Set database path to: C:\Users\Huy\.stmcufinder\plugins\mcufinder//mcu/cs/
2024-02-01 18:43:21,324 [INFO] ApplicationProperties:184 - Using Application install path: C:\ST\STM32CubeIDE_1.7.0\STM32CubeIDE\plugins\com.st.stm32cube.common.mx_6.8.0.202302231600
2024-02-01 18:43:21,326 [INFO] PluginManage:196 - Search for loadable plugins [exclusion list=, ]
2024-02-01 18:43:21,327 [INFO] PluginManage:310 - Check plugin analytics
2024-02-01 18:43:21,454 [INFO] AnalyticsPlugin:253 - Accepted Software Licenses: 
2024-02-01 18:43:21,454 [INFO] AnalyticsPlugin:255 - Accepted CMSIS Pack Licenses: 
2024-02-01 18:43:21,455 [INFO] AnalyticsPlugin:257 - Accepted Firmware Licenses: FW.F4.1.27.0
2024-02-01 18:43:21,461 [INFO] PluginManage:359 - Loaded plugin analytics (category:tool,tabindex:-1)
2024-02-01 18:43:21,462 [INFO] PluginManage:310 - Check plugin cadmodel
2024-02-01 18:43:21,478 [INFO] CADModel:105 - Init CAD model plugin
2024-02-01 18:43:21,478 [INFO] PluginManage:359 - Loaded plugin cadmodel (category:power,tabindex:5)
2024-02-01 18:43:21,478 [INFO] PluginManage:310 - Check plugin clock
2024-02-01 18:43:21,501 [INFO] PluginManage:359 - Loaded plugin clock (category:base,tabindex:2)
2024-02-01 18:43:21,501 [INFO] PluginManage:310 - Check plugin ddr
2024-02-01 18:43:21,504 [INFO] PluginManage:359 - Loaded plugin ddr (category:tool,tabindex:6)
2024-02-01 18:43:21,504 [INFO] PluginManage:310 - Check plugin filemanager
2024-02-01 18:43:21,615 [INFO] PluginManage:359 - Loaded plugin filemanager (category:base,tabindex:10)
2024-02-01 18:43:21,615 [INFO] PluginManage:310 - Check plugin ipmanager
2024-02-01 18:43:21,621 [INFO] PluginManage:359 - Loaded plugin ipmanager (category:base,tabindex:5)
2024-02-01 18:43:21,621 [INFO] PluginManage:310 - Check plugin lpbam
2024-02-01 18:43:21,637 [INFO] PluginManage:359 - Loaded plugin lpbam (category:base,tabindex:0)
2024-02-01 18:43:21,637 [INFO] PluginManage:310 - Check plugin pinoutandconfiguration
2024-02-01 18:43:21,651 [INFO] PluginManage:359 - Loaded plugin pinoutandconfiguration (category:base,tabindex:1)
2024-02-01 18:43:21,652 [INFO] PluginManage:310 - Check plugin pinoutconfig
2024-02-01 18:43:21,738 [WARN] SupportedApi:132 - Cannot load RTOS API schema: s4s-elt-must-match.1: The content of 'definitions' must match (annotation?, (simpleType | complexType)?, (unique | key | keyref)*)). A problem was found starting at: attribute.
2024-02-01 18:43:21,885 [INFO] PluginManage:359 - Loaded plugin pinoutconfig (category:base,tabindex:0)
2024-02-01 18:43:21,885 [INFO] PluginManage:310 - Check plugin power
2024-02-01 18:43:21,910 [INFO] PluginManage:359 - Loaded plugin power (category:power,tabindex:4)
2024-02-01 18:43:21,911 [INFO] PluginManage:310 - Check plugin projectmanager
2024-02-01 18:43:21,933 [INFO] PluginManage:359 - Loaded plugin projectmanager (category:projectmanager,tabindex:3)
2024-02-01 18:43:21,933 [INFO] PluginManage:310 - Check plugin thirdparty
2024-02-01 18:43:22,182 [INFO] PluginManage:359 - Loaded plugin thirdparty (category:base,tabindex:-1)
2024-02-01 18:43:22,182 [INFO] PluginManage:310 - Check plugin tools
2024-02-01 18:43:22,182 [WARN] IntegrityCheckThread:84 - waiting for thirdparty lock release [integrity check]
2024-02-01 18:43:22,183 [INFO] IntegrityCheckThread:86 - entering critical section [integrity check]
2024-02-01 18:43:22,184 [INFO] ThirdPartyUpdaterWithRetryManager:70 - Updater plugin not ready yet. [1/15]
2024-02-01 18:43:22,205 [INFO] PluginManage:359 - Loaded plugin tools (category:base,tabindex:7)
2024-02-01 18:43:22,206 [INFO] PluginManage:310 - Check plugin tutovideos
2024-02-01 18:43:22,419 [INFO] PluginManage:359 - Loaded plugin tutovideos (category:base,tabindex:-1)
2024-02-01 18:43:22,419 [INFO] PluginManage:310 - Check plugin updater
2024-02-01 18:43:22,434 [INFO] PluginManage:359 - Loaded plugin updater (category:base,tabindex:12)
2024-02-01 18:43:22,435 [INFO] PluginManage:283 - PluginManage : Loaded plugins [15]
2024-02-01 18:43:22,676 [INFO] PinOutPanel:1499 - setPackage(No Configuration,No Configuration)
2024-02-01 18:43:22,730 [INFO] CADModel:165 - CPN selected for project level
2024-02-01 18:43:22,730 [INFO] CADModel:114 - Register for checkConnection events
2024-02-01 18:43:22,754 [INFO] IPUIPlugin:80 - create IPUIPlugin
2024-02-01 18:43:22,754 [INFO] PluginManager:220 - loadIPPluginJar : add adc
2024-02-01 18:43:22,781 [INFO] IPUIPlugin:80 - create IPUIPlugin
2024-02-01 18:43:22,781 [INFO] PluginManager:220 - loadIPPluginJar : add aes
2024-02-01 18:43:22,810 [INFO] IPUIPlugin:80 - create IPUIPlugin
2024-02-01 18:43:22,810 [INFO] PluginManager:220 - loadIPPluginJar : add can
2024-02-01 18:43:22,827 [INFO] IPUIPlugin:80 - create IPUIPlugin
2024-02-01 18:43:22,827 [INFO] PluginManager:220 - loadIPPluginJar : add comp
2024-02-01 18:43:22,852 [INFO] IPUIPlugin:80 - create IPUIPlugin
2024-02-01 18:43:22,852 [INFO] PluginManager:220 - loadIPPluginJar : add cryp
2024-02-01 18:43:22,874 [INFO] IPUIPlugin:80 - create IPUIPlugin
2024-02-01 18:43:22,874 [INFO] PluginManager:220 - loadIPPluginJar : add dfsdm
2024-02-01 18:43:22,888 [INFO] IPUIPlugin:80 - create IPUIPlugin
2024-02-01 18:43:22,888 [INFO] PluginManager:220 - loadIPPluginJar : add dma
2024-02-01 18:43:22,918 [INFO] IPUIPlugin:80 - create IPUIPlugin
2024-02-01 18:43:22,919 [INFO] PluginManager:220 - loadIPPluginJar : add dma3
2024-02-01 18:43:22,934 [INFO] IPUIPlugin:80 - create IPUIPlugin
2024-02-01 18:43:22,934 [INFO] PluginManager:220 - loadIPPluginJar : add fatfs
2024-02-01 18:43:22,969 [INFO] IPUIPlugin:80 - create IPUIPlugin
2024-02-01 18:43:22,969 [INFO] PluginManager:220 - loadIPPluginJar : add fmc
2024-02-01 18:43:22,984 [INFO] IPUIPlugin:80 - create IPUIPlugin
2024-02-01 18:43:22,985 [INFO] PluginManager:220 - loadIPPluginJar : add freertos
2024-02-01 18:43:23,000 [INFO] IPUIPlugin:80 - create IPUIPlugin
2024-02-01 18:43:23,000 [INFO] PluginManager:220 - loadIPPluginJar : add genericplugin
2024-02-01 18:43:23,065 [INFO] IPUIPlugin:80 - create IPUIPlugin
2024-02-01 18:43:23,065 [INFO] PluginManager:220 - loadIPPluginJar : add gfxmmu
2024-02-01 18:43:23,164 [INFO] IPUIPlugin:80 - create IPUIPlugin
2024-02-01 18:43:23,165 [INFO] PluginManager:220 - loadIPPluginJar : add gic
2024-02-01 18:43:23,175 [INFO] IPUIPlugin:80 - create IPUIPlugin
2024-02-01 18:43:23,175 [INFO] PluginManager:220 - loadIPPluginJar : add gpio
2024-02-01 18:43:23,242 [INFO] IPUIPlugin:80 - create IPUIPlugin
2024-02-01 18:43:23,243 [INFO] PluginManager:220 - loadIPPluginJar : add gtzc
2024-02-01 18:43:23,267 [INFO] IPUIPlugin:80 - create IPUIPlugin
2024-02-01 18:43:23,267 [INFO] PluginManager:220 - loadIPPluginJar : add hash
2024-02-01 18:43:23,306 [INFO] IPUIPlugin:80 - create IPUIPlugin
2024-02-01 18:43:23,306 [INFO] PluginManager:220 - loadIPPluginJar : add i2c
2024-02-01 18:43:23,349 [INFO] IPUIPlugin:80 - create IPUIPlugin
2024-02-01 18:43:23,349 [INFO] PluginManager:220 - loadIPPluginJar : add i2s
2024-02-01 18:43:23,379 [INFO] IPUIPlugin:80 - create IPUIPlugin
2024-02-01 18:43:23,379 [INFO] PluginManager:220 - loadIPPluginJar : add i3c
2024-02-01 18:43:23,462 [INFO] IPUIPlugin:80 - create IPUIPlugin
2024-02-01 18:43:23,462 [INFO] PluginManager:220 - loadIPPluginJar : add ipddr
2024-02-01 18:43:23,526 [INFO] IPUIPlugin:80 - create IPUIPlugin
2024-02-01 18:43:23,526 [INFO] PluginManager:220 - loadIPPluginJar : add linkedlist
2024-02-01 18:43:23,553 [INFO] IPUIPlugin:80 - create IPUIPlugin
2024-02-01 18:43:23,553 [INFO] PluginManager:220 - loadIPPluginJar : add lorawan
2024-02-01 18:43:23,577 [INFO] IPUIPlugin:80 - create IPUIPlugin
2024-02-01 18:43:23,577 [INFO] PluginManager:220 - loadIPPluginJar : add ltdc
2024-02-01 18:43:23,590 [INFO] IPUIPlugin:80 - create IPUIPlugin
2024-02-01 18:43:23,590 [INFO] PluginManager:220 - loadIPPluginJar : add mdma
2024-02-01 18:43:23,603 [INFO] IPUIPlugin:80 - create IPUIPlugin
2024-02-01 18:43:23,603 [INFO] PluginManager:220 - loadIPPluginJar : add nvic
2024-02-01 18:43:23,638 [INFO] IPUIPlugin:80 - create IPUIPlugin
2024-02-01 18:43:23,639 [INFO] PluginManager:220 - loadIPPluginJar : add opamp
2024-02-01 18:43:23,688 [INFO] IPUIPlugin:80 - create IPUIPlugin
2024-02-01 18:43:23,688 [INFO] PluginManager:220 - loadIPPluginJar : add openamp
2024-02-01 18:43:23,731 [INFO] IPUIPlugin:80 - create IPUIPlugin
2024-02-01 18:43:23,731 [INFO] PluginManager:220 - loadIPPluginJar : add pdm2pcm
2024-02-01 18:43:23,749 [INFO] IPUIPlugin:80 - create IPUIPlugin
2024-02-01 18:43:23,752 [INFO] PluginManager:220 - loadIPPluginJar : add plateformsettings
2024-02-01 18:43:23,777 [INFO] IPUIPlugin:80 - create IPUIPlugin
2024-02-01 18:43:23,777 [INFO] PluginManager:220 - loadIPPluginJar : add quadspi
2024-02-01 18:43:23,793 [INFO] IPUIPlugin:80 - create IPUIPlugin
2024-02-01 18:43:23,793 [INFO] PluginManager:220 - loadIPPluginJar : add resmgrutility
2024-02-01 18:43:23,846 [INFO] IPUIPlugin:80 - create IPUIPlugin
2024-02-01 18:43:23,846 [INFO] PluginManager:220 - loadIPPluginJar : add sai
2024-02-01 18:43:23,880 [INFO] IPUIPlugin:80 - create IPUIPlugin
2024-02-01 18:43:23,880 [INFO] PluginManager:220 - loadIPPluginJar : add spi
2024-02-01 18:43:23,927 [INFO] IPUIPlugin:80 - create IPUIPlugin
2024-02-01 18:43:23,927 [INFO] PluginManager:220 - loadIPPluginJar : add stm32_wpan
2024-02-01 18:43:23,946 [INFO] IPUIPlugin:80 - create IPUIPlugin
2024-02-01 18:43:23,946 [INFO] PluginManager:220 - loadIPPluginJar : add tim
2024-02-01 18:43:23,995 [INFO] IPUIPlugin:80 - create IPUIPlugin
2024-02-01 18:43:23,995 [INFO] PluginManager:220 - loadIPPluginJar : add touchsensing
2024-02-01 18:43:24,021 [INFO] IPUIPlugin:80 - create IPUIPlugin
2024-02-01 18:43:24,021 [INFO] PluginManager:220 - loadIPPluginJar : add tracer_emb
2024-02-01 18:43:24,041 [INFO] IPUIPlugin:80 - create IPUIPlugin
2024-02-01 18:43:24,041 [INFO] PluginManager:220 - loadIPPluginJar : add ts
2024-02-01 18:43:24,061 [INFO] IPUIPlugin:80 - create IPUIPlugin
2024-02-01 18:43:24,061 [INFO] PluginManager:220 - loadIPPluginJar : add tsc
2024-02-01 18:43:24,090 [INFO] IPUIPlugin:80 - create IPUIPlugin
2024-02-01 18:43:24,090 [INFO] PluginManager:220 - loadIPPluginJar : add ucpd
2024-02-01 18:43:24,133 [INFO] IPUIPlugin:80 - create IPUIPlugin
2024-02-01 18:43:24,133 [INFO] PluginManager:220 - loadIPPluginJar : add usart
2024-02-01 18:43:24,184 [INFO] IPUIPlugin:80 - create IPUIPlugin
2024-02-01 18:43:24,184 [INFO] PluginManager:220 - loadIPPluginJar : add usbx
2024-02-01 18:43:24,309 [INFO] CADModel:165 - CPN selected for project level
2024-02-01 18:43:24,309 [INFO] CADModel:114 - Register for checkConnection events
2024-02-01 18:43:24,309 [FATAL] Updater:308 - Updater called before beeing initialized
2024-02-01 18:43:24,309 [ERROR] CADModel:125 - Updater not yet initialized, retry later 
2024-02-01 18:43:24,505 [INFO] CADModel:165 - CPN selected for project level
2024-02-01 18:43:24,505 [INFO] CADModel:114 - Register for checkConnection events
2024-02-01 18:43:24,506 [FATAL] Updater:308 - Updater called before beeing initialized
2024-02-01 18:43:24,506 [ERROR] CADModel:125 - Updater not yet initialized, retry later 
2024-02-01 18:43:24,508 [FATAL] Updater:308 - Updater called before beeing initialized
2024-02-01 18:43:24,597 [FATAL] Updater:308 - Updater called before beeing initialized
2024-02-01 18:43:24,607 [INFO] DbMcusAds:53 - JSON generation date=Wed Nov 29 17:52:27 ICT 2023 (1701255147349)
2024-02-01 18:43:24,607 [FATAL] Updater:308 - Updater called before beeing initialized
2024-02-01 18:43:24,682 [WARN] DetailPanel:346 - Failed to get advertising image, set to default
2024-02-01 18:43:24,766 [FATAL] Updater:308 - Updater called before beeing initialized
2024-02-01 18:43:24,769 [FATAL] Updater:308 - Updater called before beeing initialized
2024-02-01 18:43:24,769 [FATAL] Updater:308 - Updater called before beeing initialized
2024-02-01 18:43:24,769 [WARN] DetailPanel:346 - Failed to get advertising image, set to default
2024-02-01 18:43:24,770 [FATAL] Updater:308 - Updater called before beeing initialized
2024-02-01 18:43:24,818 [ERROR] Updater:1120 - MainUpdater not yet initialized. External WinMGr cannot be set.
2024-02-01 18:43:24,826 [INFO] Updater:1056 - Updater Version found : 6.8.0
2024-02-01 18:43:24,844 [INFO] ApplicationProperties:184 - Using Application install path: C:\ST\STM32CubeIDE_1.7.0\STM32CubeIDE\plugins\com.st.stm32cube.common.mx_6.8.0.202302231600
2024-02-01 18:43:25,032 [INFO] MainUpdater:2854 - connection check result : 10
2024-02-01 18:43:25,033 [INFO] MainUpdater:3548 - Updater definition file requires update
2024-02-01 18:43:25,034 [INFO] MainUpdater:283 - Updater Check For Update Now.
2024-02-01 18:43:25,034 [INFO] MicroXplorer:498 - Change Database Version : DB.6.0.80
2024-02-01 18:43:25,081 [INFO] ServerAccessManage:473 - Download File updaters.zip
2024-02-01 18:43:25,186 [INFO] FileExtend:240 - Unzip File : updaters.zip
2024-02-01 18:43:25,186 [INFO] FileExtend:255 - Standard Zip Deflate
2024-02-01 18:43:25,200 [WARN] MainUpdater:1187 - Updater busy. Cannot search thirdparties
2024-02-01 18:43:25,200 [INFO] ThirdPartyUpdaterWithRetryManager:96 - Updater plugin is busy. [1/15]
2024-02-01 18:43:25,700 [INFO] ServerAccessManage:473 - Download File PacksControlFlags.xml
2024-02-01 18:43:25,803 [INFO] ServerAccessManage:473 - Download File cubemx.pidx
2024-02-01 18:43:25,935 [INFO] LoadServerUpdatesThread:373 - End of LoadServerUpdate Thread
2024-02-01 18:43:26,140 [INFO] CheckServerUpdateThread:120 - End of CheckServer Thread
2024-02-01 18:43:26,294 [INFO] MainUpdater:2854 - connection check result : 10
2024-02-01 18:43:26,319 [INFO] McuFinderGlobals:66 - Set McuFinderConnectedMode to true
2024-02-01 18:43:26,569 [INFO] ServerAccessManage:473 - Download File mcusAds.json._tmp_
2024-02-01 18:43:26,699 [INFO] LoadUrlFilesThread:156 - End of LoadUrlFiles Thread
2024-02-01 18:43:26,850 [INFO] ServerAccessManage:473 - Download File cube-finder-db.zip
2024-02-01 18:43:28,203 [WARN] MainUpdater:1187 - Updater busy. Cannot search thirdparties
2024-02-01 18:43:28,203 [INFO] ThirdPartyUpdaterWithRetryManager:96 - Updater plugin is busy. [2/15]
2024-02-01 18:43:29,136 [INFO] FileExtend:240 - Unzip File : cube-finder-db.zip
2024-02-01 18:43:29,137 [INFO] FileExtend:255 - Standard Zip Deflate
2024-02-01 18:43:31,209 [WARN] MainUpdater:1187 - Updater busy. Cannot search thirdparties
2024-02-01 18:43:31,209 [INFO] ThirdPartyUpdaterWithRetryManager:96 - Updater plugin is busy. [3/15]
2024-02-01 18:43:31,616 [INFO] LoadUrlFilesThread:156 - End of LoadUrlFiles Thread
2024-02-01 18:43:31,873 [ERROR] LogOutputStream:75 - [STDERR_REDIRECT] SLF4J: Failed to load class "org.slf4j.impl.StaticLoggerBinder".
2024-02-01 18:43:31,874 [ERROR] LogOutputStream:75 - [STDERR_REDIRECT] SLF4J: Defaulting to no-operation (NOP) logger implementation
2024-02-01 18:43:31,875 [ERROR] LogOutputStream:75 - [STDERR_REDIRECT] SLF4J: See http://www.slf4j.org/codes.html#StaticLoggerBinder for further details.
2024-02-01 18:43:32,710 [INFO] ServerAccessManage:473 - Download File crdb.zip
2024-02-01 18:43:33,836 [INFO] FileExtend:240 - Unzip File : crdb.zip
2024-02-01 18:43:33,837 [INFO] FileExtend:255 - Standard Zip Deflate
2024-02-01 18:43:33,990 [INFO] LoadUrlFilesThread:156 - End of LoadUrlFiles Thread
2024-02-01 18:43:34,035 [INFO] ServerAccessManage:473 - Download File tutoVideoDB.zip
2024-02-01 18:43:34,046 [INFO] FileExtend:240 - Unzip File : tutoVideoDB.zip
2024-02-01 18:43:34,046 [INFO] FileExtend:255 - Standard Zip Deflate
2024-02-01 18:43:34,180 [INFO] LoadUrlFilesThread:156 - End of LoadUrlFiles Thread
2024-02-01 18:43:34,187 [WARN] DbFile:41 - Overriding database path with different value: C:\Users\Huy\.stmcufinder\plugins\mcufinder/ => C:\Users\Huy\.stmcufinder\plugins\mcufinder
2024-02-01 18:43:34,222 [WARN] MainUpdater:1187 - Updater busy. Cannot search thirdparties
2024-02-01 18:43:34,222 [INFO] ThirdPartyUpdaterWithRetryManager:96 - Updater plugin is busy. [4/15]
2024-02-01 18:43:34,235 [INFO] ServerAccessManage:473 - Download File api_config.json
2024-02-01 18:43:34,351 [INFO] LoadUrlFilesThread:156 - End of LoadUrlFiles Thread
2024-02-01 18:43:34,352 [INFO] DbMcusAds:53 - JSON generation date=Wed Nov 29 17:52:27 ICT 2023 (1701255147200)
2024-02-01 18:43:34,376 [INFO] LoadUrlFilesThread:185 - End of LoadServerUrlFiles without Thread
2024-02-01 18:43:34,376 [INFO] TargetSelectorAdapter:259 - Refresh data is successful
2024-02-01 18:43:34,514 [INFO] ApiDb:581 - Connected to CubeFinder SQLite database (C:\Users\Huy\.stmcufinder\plugins\mcufinder\mcu\cube-finder-db.db)
2024-02-01 18:43:34,560 [INFO] ApiDb:668 - CubeFinder database Data Model version=2.1
2024-02-01 18:43:34,560 [INFO] ApiDb:669 - CubeFinder database Configuration version=3.0.39
2024-02-01 18:43:34,560 [INFO] ApiDb:670 - CubeFinder database generation date=2024-01-11 (1704964531)
2024-02-01 18:43:34,560 [INFO] ApiDb:671 - CubeFinder database FW Pack versions=[FP-ATR-ASTRA1_V2.0.0, FP-SNS-FLIGHT1_V5.0.1, FP-SNS-FLIGHT1_V5.0.2, FP-SNS-MOTENV1_V4.3.1, FP-SNS-MOTENV1_V4.3.2, FP-SNS-MOTENVWB1_V1.3.1, FP-SNS-SMARTAG2_V1.2.0, STM32Cube_FW_C0_V1.1.0, STM32Cube_FW_F4_V1.28.0, STM32Cube_FW_F7_V1.17.0, STM32Cube_FW_G0_V1.6.2, STM32Cube_FW_G4_V1.5.2, STM32Cube_FW_H5_V0.5.1, STM32Cube_FW_H5_V1.1.1, STM32Cube_FW_H5_V1.2.0RC2, STM32Cube_FW_H7_V1.11.0, STM32Cube_FW_L0_V1.12.2, STM32Cube_FW_L5_V1.5.0, STM32Cube_FW_U5_V1.3.0RC4, STM32Cube_FW_U5_V1.4.0, STM32Cube_FW_WBA_V1.0.0RC1, STM32Cube_FW_WBA_V1.1.0RC1, STM32Cube_FW_WBA_V1.2.0, STM32Cube_FW_WBA_V1.2.0RC2, STM32Cube_FW_WB_V1.15.0RC1, STM32Cube_FW_WB_V1.16.0, STM32Cube_FW_WB_V1.16.0RC2, STM32Cube_FW_WB_V1.18.0, STM32Cube_FW_WL_V1.3.0, X-CUBE-ALGOBUILD_V1.3.0, X-CUBE-ALS_V1.0.1, X-CUBE-AZRTOS-F4_V1.1.0, X-CUBE-AZRTOS-F7_V1.1.0, X-CUBE-AZRTOS-G0_V1.1.0, X-CUBE-AZRTOS-G4_V2.0.0, X-CUBE-AZRTOS-H7_V3.2.0, X-CUBE-AZRTOS-L4_V1.0.0, X-CUBE-AZRTOS-L4_V2.0.0, X-CUBE-AZRTOS-L5_V1.1.0, X-CUBE-AZRTOS-WB_V2.0.0, X-CUBE-AZRTOS-WL_V2.0.0, X-CUBE-BLE1_V7.0.0, X-CUBE-BLE2_V3.3.0, X-CUBE-BLEMGR_V3.0.0, X-CUBE-EEPRMA1_V4.1.0, X-CUBE-EEPRMA1_V4.2.0, X-CUBE-FREERTOS_V1.1.0, X-CUBE-GNSS1_V6.0.0, X-CUBE-MEMS1_V10.0.0, X-CUBE-MEMS1_V9.1.0, X-CUBE-MEMS1_V9.4.0, X-CUBE-MEMS1_V9.6.0, X-CUBE-NFC4_V3.0.0, X-CUBE-NFC7_V1.0.1, X-CUBE-SFXS2LP1_V4.0.0, X-CUBE-SUBG2_V5.0.0, X-CUBE-TOF1_V3.4.0]
2024-02-01 18:43:36,136 [INFO] ApiDb:240 - Found 297 in-development CPN: [B-G473E-ZEST1S, B-WB1M-WPAN1, B-WL5M-SUBG1, NUCLEO-C031C6, NUCLEO-H503RB, NUCLEO-H563ZI, NUCLEO-U545RE-Q, NUCLEO-U5A5ZJ-Q, NUCLEO-WBA52CG, STEVAL-PROTEUS1, STEVAL-STWINBX1, STM320518-EVAL, STM32C0116-DK, STM32C011D6Y3TR, STM32C011D6Y6TR, STM32C011F4P3, STM32C011F4P6, STM32C011F4U3, STM32C011F4U6TR, STM32C011F6P3, STM32C011F6P6, STM32C011F6U3, STM32C011F6U6TR, STM32C011J4M3, STM32C011J4M6, STM32C011J6M3, STM32C011J6M6, STM32C0316-DK, STM32C031C4T3, STM32C031C4T6, STM32C031C4U3, STM32C031C4U6, STM32C031C6T3, STM32C031C6T6, STM32C031C6U3, STM32C031C6U6, STM32C031F4P3, STM32C031F4P6, STM32C031F6P3, STM32C031F6P6, STM32C031G4U3, STM32C031G4U6, STM32C031G6U3, STM32C031G6U6, STM32C031K4T3, STM32C031K4T6, STM32C031K4U3, STM32C031K4U6, STM32C031K6T3, STM32C031K6T6, STM32C031K6U3, STM32C031K6U6, STM32G071K8TXN, STM32G071K8UXN, STM32G081GBU6N, STM32G081KBT6N, STM32G081KBUXN, STM32G0B1CCT6N, STM32G0B1KCT6, STM32G0B1NEY6TR, STM32G0B1RCT6N, STM32G0C1CCT6, STM32G0C1CCT6N, STM32G0C1CCU6N, STM32G0C1CET6N, STM32G0C1CEU6N, STM32G0C1KCT6, STM32G0C1NEY6TR, STM32G0C1RCI6N, STM32G0C1RCT6N, STM32G0C1REI6N, STM32G0C1RET6N, STM32G0C1VCI6, STM32G0C1VEI6, STM32G471CCT6, STM32G471CCU6, STM32G471CET3, STM32G471CET6, STM32G471CEU3, STM32G471CEU6, STM32G471MCT6, STM32G471MET3, STM32G471MET6, STM32G471MEY6TR, STM32G471QCT6, STM32G471QET3, STM32G471RCT6, STM32G471RET3, STM32G471RET6, STM32G471VCH6, STM32G471VCI6, STM32G471VCT6, STM32G471VEH3, STM32G471VEH6, STM32G471VEI3, STM32G471VEI6, STM32G471VET3, STM32G471VET6, STM32G474CCT6, STM32H503CBT6, STM32H503CBU6, STM32H503EBY6TR, STM32H503KBU6, STM32H503RBT6, STM32H562AGI6, STM32H562AII6, STM32H562IGK6, STM32H562IGT6, STM32H562IIK6, STM32H562IIT6, STM32H562RGT6, STM32H562RGV6, STM32H562RIT6, STM32H562RIV6, STM32H562VGT6, STM32H562VIT6, STM32H562ZGT6, STM32H562ZIT6, STM32H563AGI6, STM32H563AII3Q, STM32H563AII6, STM32H563IGK6, STM32H563IGT6, STM32H563IIK3Q, STM32H563IIK6, STM32H563IIT3Q, STM32H563IIT6, STM32H563MIY3QTR, STM32H563RGT6, STM32H563RGV6, STM32H563RIT6, STM32H563RIV6, STM32H563VGT6, STM32H563VIT3Q, STM32H563VIT6, STM32H563ZGT6, STM32H563ZIT3Q, STM32H563ZIT6, STM32H573AII3Q, STM32H573AII6, STM32H573I-DK, STM32H573IIK3Q, STM32H573IIK6, STM32H573IIT3Q, STM32H573IIT6, STM32H573MIY3QTR, STM32H573RIT6, STM32H573RIV6, STM32H573VIT3Q, STM32H573VIT6, STM32H573ZIT3Q, STM32H573ZIT6, STM32L4R5QGI6STR, STM32MP131AAE3, STM32MP131AAF3, STM32MP131AAG3, STM32MP131CAE3, STM32MP131CAF3, STM32MP131CAG3, STM32MP131DAE7, STM32MP131DAF7, STM32MP131DAG7, STM32MP131FAE7, STM32MP131FAF7, STM32MP131FAG7, STM32MP133AAE3, STM32MP133AAF3, STM32MP133AAG3, STM32MP133CAE3, STM32MP133CAF3, STM32MP133CAG3, STM32MP133DAE7, STM32MP133DAF7, STM32MP133DAG7, STM32MP133FAE7, STM32MP133FAF7, STM32MP133FAG7, STM32MP135AAE3, STM32MP135AAF3, STM32MP135AAG3, STM32MP135CAE3, STM32MP135CAF3, STM32MP135CAG3, STM32MP135DAE7, STM32MP135DAF7, STM32MP135DAG7, STM32MP135F-DK, STM32MP135FAE7, STM32MP135FAF7, STM32MP135FAF7T, STM32MP135FAF7U, STM32MP135FAG7, STM32U535CBT6, STM32U535CBT6Q, STM32U535CBU6, STM32U535CBU6Q, STM32U535CCT6, STM32U535CCT6Q, STM32U535CCU6, STM32U535CCU6Q, STM32U535CET6, STM32U535CET6Q, STM32U535CEU6, STM32U535CEU6Q, STM32U535JEY6QTR, STM32U535NCY6QTR, STM32U535NEY6QTR, STM32U535RBI6, STM32U535RBI6Q, STM32U535RBT6, STM32U535RBT6Q, STM32U535RCI6, STM32U535RCI6Q, STM32U535RCT6, STM32U535RCT6Q, STM32U535REI6, STM32U535REI6Q, STM32U535RET6, STM32U535RET6Q, STM32U535VCI6, STM32U535VCI6Q, STM32U535VCT6, STM32U535VCT6Q, STM32U535VEI6, STM32U535VEI6Q, STM32U535VET6, STM32U535VET6Q, STM32U545CET6, STM32U545CET6Q, STM32U545CEU6, STM32U545CEU6Q, STM32U545JEY6QTR, STM32U545NEY6QTR, STM32U545REI6, STM32U545REI6Q, STM32U545RET6, STM32U545RET6Q, STM32U545VEI6, STM32U545VEI6Q, STM32U545VET6, STM32U545VET6Q, STM32U595AIH6, STM32U595AIH6Q, STM32U595AJH6, STM32U595AJH6Q, STM32U595QII6, STM32U595QII6Q, STM32U595QJI6, STM32U595QJI6Q, STM32U595RIT6, STM32U595RIT6Q, STM32U595RJT6, STM32U595RJT6Q, STM32U595VIT6, STM32U595VIT6Q, STM32U595VJT6, STM32U595VJT6Q, STM32U595ZIT6, STM32U595ZIT6Q, STM32U595ZIY6QTR, STM32U595ZJT6, STM32U595ZJT6Q, STM32U595ZJY6QTR, STM32U599BJY6QTR, STM32U599NIH6Q, STM32U599NJH6Q, STM32U599VIT6Q, STM32U599VJT6, STM32U599VJT6Q, STM32U599ZIT6Q, STM32U599ZIY6QTR, STM32U599ZJT6Q, STM32U599ZJY6QTR, STM32U5A5AJH6, STM32U5A5AJH6Q, STM32U5A5QJI6, STM32U5A5QJI6Q, STM32U5A5RJT6, STM32U5A5RJT6Q, STM32U5A5VJT6, STM32U5A5VJT6Q, STM32U5A5ZJT6, STM32U5A5ZJT6Q, STM32U5A5ZJY6QTR, STM32U5A9BJY6QTR, STM32U5A9J-DK, STM32U5A9NJH6Q, STM32U5A9VJT6Q, STM32U5A9ZJT6Q, STM32U5A9ZJY6QTR, STM32WB1MMCH6, STM32WBA52CEU6, STM32WBA52CEU6T, STM32WBA52CGU6, STM32WBA52CGU6T, STM32WL5MOCH6, STM32WL5MOCH6TR]
2024-02-01 18:43:36,142 [INFO] DbMcus:216 - Found 3861 MCUs, 3861 are supported
2024-02-01 18:43:36,145 [INFO] ApiDb:423 - Load user favorites file C:\Users\Huy/.stm32cubeide/favorites.mcus.txt: 0 item(s)
2024-02-01 18:43:36,145 [INFO] ApiDb:427 - User favorites MCUs=[]
2024-02-01 18:43:36,145 [INFO] DbMcus:222 - Set 0 / 0 favorites MCUs
2024-02-01 18:43:36,349 [INFO] ApiDb:668 - CubeFinder database Data Model version=2.1
2024-02-01 18:43:36,349 [INFO] ApiDb:669 - CubeFinder database Configuration version=3.0.39
2024-02-01 18:43:36,349 [INFO] ApiDb:670 - CubeFinder database generation date=2024-01-11 (1704964531)
2024-02-01 18:43:36,349 [INFO] ApiDb:671 - CubeFinder database FW Pack versions=[FP-ATR-ASTRA1_V2.0.0, FP-SNS-FLIGHT1_V5.0.1, FP-SNS-FLIGHT1_V5.0.2, FP-SNS-MOTENV1_V4.3.1, FP-SNS-MOTENV1_V4.3.2, FP-SNS-MOTENVWB1_V1.3.1, FP-SNS-SMARTAG2_V1.2.0, STM32Cube_FW_C0_V1.1.0, STM32Cube_FW_F4_V1.28.0, STM32Cube_FW_F7_V1.17.0, STM32Cube_FW_G0_V1.6.2, STM32Cube_FW_G4_V1.5.2, STM32Cube_FW_H5_V0.5.1, STM32Cube_FW_H5_V1.1.1, STM32Cube_FW_H5_V1.2.0RC2, STM32Cube_FW_H7_V1.11.0, STM32Cube_FW_L0_V1.12.2, STM32Cube_FW_L5_V1.5.0, STM32Cube_FW_U5_V1.3.0RC4, STM32Cube_FW_U5_V1.4.0, STM32Cube_FW_WBA_V1.0.0RC1, STM32Cube_FW_WBA_V1.1.0RC1, STM32Cube_FW_WBA_V1.2.0, STM32Cube_FW_WBA_V1.2.0RC2, STM32Cube_FW_WB_V1.15.0RC1, STM32Cube_FW_WB_V1.16.0, STM32Cube_FW_WB_V1.16.0RC2, STM32Cube_FW_WB_V1.18.0, STM32Cube_FW_WL_V1.3.0, X-CUBE-ALGOBUILD_V1.3.0, X-CUBE-ALS_V1.0.1, X-CUBE-AZRTOS-F4_V1.1.0, X-CUBE-AZRTOS-F7_V1.1.0, X-CUBE-AZRTOS-G0_V1.1.0, X-CUBE-AZRTOS-G4_V2.0.0, X-CUBE-AZRTOS-H7_V3.2.0, X-CUBE-AZRTOS-L4_V1.0.0, X-CUBE-AZRTOS-L4_V2.0.0, X-CUBE-AZRTOS-L5_V1.1.0, X-CUBE-AZRTOS-WB_V2.0.0, X-CUBE-AZRTOS-WL_V2.0.0, X-CUBE-BLE1_V7.0.0, X-CUBE-BLE2_V3.3.0, X-CUBE-BLEMGR_V3.0.0, X-CUBE-EEPRMA1_V4.1.0, X-CUBE-EEPRMA1_V4.2.0, X-CUBE-FREERTOS_V1.1.0, X-CUBE-GNSS1_V6.0.0, X-CUBE-MEMS1_V10.0.0, X-CUBE-MEMS1_V9.1.0, X-CUBE-MEMS1_V9.4.0, X-CUBE-MEMS1_V9.6.0, X-CUBE-NFC4_V3.0.0, X-CUBE-NFC7_V1.0.1, X-CUBE-SFXS2LP1_V4.0.0, X-CUBE-SUBG2_V5.0.0, X-CUBE-TOF1_V3.4.0]
2024-02-01 18:43:36,407 [INFO] DbBoardsSqlite:226 - include board P-NUCLEO-WB55-NUCLEO as a kit item of type 'Nucleo-64'
2024-02-01 18:43:36,407 [INFO] DbBoardsSqlite:226 - include board P-NUCLEO-WB55-USBDONGLE as a kit item of type 'Nucleo USB Dongle'
2024-02-01 18:43:36,408 [INFO] DbBoardsSqlite:226 - include board STEVAL-IDP005V1 as a kit item of type 'Evaluation Board'
2024-02-01 18:43:36,408 [INFO] DbBoardsSqlite:226 - include board STEVAL-IDP005V2 as a kit item of type 'Evaluation Board'
2024-02-01 18:43:36,445 [INFO] ApiDb:240 - Found 297 in-development CPN: [B-G473E-ZEST1S, B-WB1M-WPAN1, B-WL5M-SUBG1, NUCLEO-C031C6, NUCLEO-H503RB, NUCLEO-H563ZI, NUCLEO-U545RE-Q, NUCLEO-U5A5ZJ-Q, NUCLEO-WBA52CG, STEVAL-PROTEUS1, STEVAL-STWINBX1, STM320518-EVAL, STM32C0116-DK, STM32C011D6Y3TR, STM32C011D6Y6TR, STM32C011F4P3, STM32C011F4P6, STM32C011F4U3, STM32C011F4U6TR, STM32C011F6P3, STM32C011F6P6, STM32C011F6U3, STM32C011F6U6TR, STM32C011J4M3, STM32C011J4M6, STM32C011J6M3, STM32C011J6M6, STM32C0316-DK, STM32C031C4T3, STM32C031C4T6, STM32C031C4U3, STM32C031C4U6, STM32C031C6T3, STM32C031C6T6, STM32C031C6U3, STM32C031C6U6, STM32C031F4P3, STM32C031F4P6, STM32C031F6P3, STM32C031F6P6, STM32C031G4U3, STM32C031G4U6, STM32C031G6U3, STM32C031G6U6, STM32C031K4T3, STM32C031K4T6, STM32C031K4U3, STM32C031K4U6, STM32C031K6T3, STM32C031K6T6, STM32C031K6U3, STM32C031K6U6, STM32G071K8TXN, STM32G071K8UXN, STM32G081GBU6N, STM32G081KBT6N, STM32G081KBUXN, STM32G0B1CCT6N, STM32G0B1KCT6, STM32G0B1NEY6TR, STM32G0B1RCT6N, STM32G0C1CCT6, STM32G0C1CCT6N, STM32G0C1CCU6N, STM32G0C1CET6N, STM32G0C1CEU6N, STM32G0C1KCT6, STM32G0C1NEY6TR, STM32G0C1RCI6N, STM32G0C1RCT6N, STM32G0C1REI6N, STM32G0C1RET6N, STM32G0C1VCI6, STM32G0C1VEI6, STM32G471CCT6, STM32G471CCU6, STM32G471CET3, STM32G471CET6, STM32G471CEU3, STM32G471CEU6, STM32G471MCT6, STM32G471MET3, STM32G471MET6, STM32G471MEY6TR, STM32G471QCT6, STM32G471QET3, STM32G471RCT6, STM32G471RET3, STM32G471RET6, STM32G471VCH6, STM32G471VCI6, STM32G471VCT6, STM32G471VEH3, STM32G471VEH6, STM32G471VEI3, STM32G471VEI6, STM32G471VET3, STM32G471VET6, STM32G474CCT6, STM32H503CBT6, STM32H503CBU6, STM32H503EBY6TR, STM32H503KBU6, STM32H503RBT6, STM32H562AGI6, STM32H562AII6, STM32H562IGK6, STM32H562IGT6, STM32H562IIK6, STM32H562IIT6, STM32H562RGT6, STM32H562RGV6, STM32H562RIT6, STM32H562RIV6, STM32H562VGT6, STM32H562VIT6, STM32H562ZGT6, STM32H562ZIT6, STM32H563AGI6, STM32H563AII3Q, STM32H563AII6, STM32H563IGK6, STM32H563IGT6, STM32H563IIK3Q, STM32H563IIK6, STM32H563IIT3Q, STM32H563IIT6, STM32H563MIY3QTR, STM32H563RGT6, STM32H563RGV6, STM32H563RIT6, STM32H563RIV6, STM32H563VGT6, STM32H563VIT3Q, STM32H563VIT6, STM32H563ZGT6, STM32H563ZIT3Q, STM32H563ZIT6, STM32H573AII3Q, STM32H573AII6, STM32H573I-DK, STM32H573IIK3Q, STM32H573IIK6, STM32H573IIT3Q, STM32H573IIT6, STM32H573MIY3QTR, STM32H573RIT6, STM32H573RIV6, STM32H573VIT3Q, STM32H573VIT6, STM32H573ZIT3Q, STM32H573ZIT6, STM32L4R5QGI6STR, STM32MP131AAE3, STM32MP131AAF3, STM32MP131AAG3, STM32MP131CAE3, STM32MP131CAF3, STM32MP131CAG3, STM32MP131DAE7, STM32MP131DAF7, STM32MP131DAG7, STM32MP131FAE7, STM32MP131FAF7, STM32MP131FAG7, STM32MP133AAE3, STM32MP133AAF3, STM32MP133AAG3, STM32MP133CAE3, STM32MP133CAF3, STM32MP133CAG3, STM32MP133DAE7, STM32MP133DAF7, STM32MP133DAG7, STM32MP133FAE7, STM32MP133FAF7, STM32MP133FAG7, STM32MP135AAE3, STM32MP135AAF3, STM32MP135AAG3, STM32MP135CAE3, STM32MP135CAF3, STM32MP135CAG3, STM32MP135DAE7, STM32MP135DAF7, STM32MP135DAG7, STM32MP135F-DK, STM32MP135FAE7, STM32MP135FAF7, STM32MP135FAF7T, STM32MP135FAF7U, STM32MP135FAG7, STM32U535CBT6, STM32U535CBT6Q, STM32U535CBU6, STM32U535CBU6Q, STM32U535CCT6, STM32U535CCT6Q, STM32U535CCU6, STM32U535CCU6Q, STM32U535CET6, STM32U535CET6Q, STM32U535CEU6, STM32U535CEU6Q, STM32U535JEY6QTR, STM32U535NCY6QTR, STM32U535NEY6QTR, STM32U535RBI6, STM32U535RBI6Q, STM32U535RBT6, STM32U535RBT6Q, STM32U535RCI6, STM32U535RCI6Q, STM32U535RCT6, STM32U535RCT6Q, STM32U535REI6, STM32U535REI6Q, STM32U535RET6, STM32U535RET6Q, STM32U535VCI6, STM32U535VCI6Q, STM32U535VCT6, STM32U535VCT6Q, STM32U535VEI6, STM32U535VEI6Q, STM32U535VET6, STM32U535VET6Q, STM32U545CET6, STM32U545CET6Q, STM32U545CEU6, STM32U545CEU6Q, STM32U545JEY6QTR, STM32U545NEY6QTR, STM32U545REI6, STM32U545REI6Q, STM32U545RET6, STM32U545RET6Q, STM32U545VEI6, STM32U545VEI6Q, STM32U545VET6, STM32U545VET6Q, STM32U595AIH6, STM32U595AIH6Q, STM32U595AJH6, STM32U595AJH6Q, STM32U595QII6, STM32U595QII6Q, STM32U595QJI6, STM32U595QJI6Q, STM32U595RIT6, STM32U595RIT6Q, STM32U595RJT6, STM32U595RJT6Q, STM32U595VIT6, STM32U595VIT6Q, STM32U595VJT6, STM32U595VJT6Q, STM32U595ZIT6, STM32U595ZIT6Q, STM32U595ZIY6QTR, STM32U595ZJT6, STM32U595ZJT6Q, STM32U595ZJY6QTR, STM32U599BJY6QTR, STM32U599NIH6Q, STM32U599NJH6Q, STM32U599VIT6Q, STM32U599VJT6, STM32U599VJT6Q, STM32U599ZIT6Q, STM32U599ZIY6QTR, STM32U599ZJT6Q, STM32U599ZJY6QTR, STM32U5A5AJH6, STM32U5A5AJH6Q, STM32U5A5QJI6, STM32U5A5QJI6Q, STM32U5A5RJT6, STM32U5A5RJT6Q, STM32U5A5VJT6, STM32U5A5VJT6Q, STM32U5A5ZJT6, STM32U5A5ZJT6Q, STM32U5A5ZJY6QTR, STM32U5A9BJY6QTR, STM32U5A9J-DK, STM32U5A9NJH6Q, STM32U5A9VJT6Q, STM32U5A9ZJT6Q, STM32U5A9ZJY6QTR, STM32WB1MMCH6, STM32WBA52CEU6, STM32WBA52CEU6T, STM32WBA52CGU6, STM32WBA52CGU6T, STM32WL5MOCH6, STM32WL5MOCH6TR]
2024-02-01 18:43:36,532 [INFO] BoardInfo:880 - No configuration file found for board P-NUCLEO-WB55
2024-02-01 18:43:36,532 [INFO] DbBoards:157 - Kit is not supported: P-NUCLEO-WB55
2024-02-01 18:43:36,537 [INFO] BoardInfo:880 - No configuration file found for board STEVAL-BFA001V1B
2024-02-01 18:43:36,537 [INFO] DbBoards:157 - Kit is not supported: STEVAL-BFA001V1B
2024-02-01 18:43:36,538 [INFO] BoardInfo:880 - No configuration file found for board STEVAL-BFA001V2B
2024-02-01 18:43:36,538 [INFO] DbBoards:157 - Kit is not supported: STEVAL-BFA001V2B
2024-02-01 18:43:36,541 [INFO] BoardInfo:880 - No configuration file found for board STEVAL-MKBOXPRO
2024-02-01 18:43:36,541 [INFO] DbBoards:157 - Board is not supported: STEVAL-MKBOXPRO
2024-02-01 18:43:36,544 [INFO] BoardInfo:880 - No configuration file found for board STEVAL-SMARTAG2
2024-02-01 18:43:36,544 [INFO] DbBoards:157 - Board is not supported: STEVAL-SMARTAG2
2024-02-01 18:43:36,627 [INFO] DbBoards:161 - Found 189 boards, 184 are supported
2024-02-01 18:43:36,630 [INFO] ApiDb:423 - Load user favorites file C:\Users\Huy/.stm32cubeide/favorites.boards.txt: 0 item(s)
2024-02-01 18:43:36,630 [INFO] ApiDb:427 - User favorites Boards=[]
2024-02-01 18:43:36,630 [INFO] DbBoards:190 - Set 0 / 0 favorites Boards
2024-02-01 18:43:36,632 [INFO] ApiDb:668 - CubeFinder database Data Model version=2.1
2024-02-01 18:43:36,632 [INFO] ApiDb:669 - CubeFinder database Configuration version=3.0.39
2024-02-01 18:43:36,632 [INFO] ApiDb:670 - CubeFinder database generation date=2024-01-11 (1704964531)
2024-02-01 18:43:36,632 [INFO] ApiDb:671 - CubeFinder database FW Pack versions=[FP-ATR-ASTRA1_V2.0.0, FP-SNS-FLIGHT1_V5.0.1, FP-SNS-FLIGHT1_V5.0.2, FP-SNS-MOTENV1_V4.3.1, FP-SNS-MOTENV1_V4.3.2, FP-SNS-MOTENVWB1_V1.3.1, FP-SNS-SMARTAG2_V1.2.0, STM32Cube_FW_C0_V1.1.0, STM32Cube_FW_F4_V1.28.0, STM32Cube_FW_F7_V1.17.0, STM32Cube_FW_G0_V1.6.2, STM32Cube_FW_G4_V1.5.2, STM32Cube_FW_H5_V0.5.1, STM32Cube_FW_H5_V1.1.1, STM32Cube_FW_H5_V1.2.0RC2, STM32Cube_FW_H7_V1.11.0, STM32Cube_FW_L0_V1.12.2, STM32Cube_FW_L5_V1.5.0, STM32Cube_FW_U5_V1.3.0RC4, STM32Cube_FW_U5_V1.4.0, STM32Cube_FW_WBA_V1.0.0RC1, STM32Cube_FW_WBA_V1.1.0RC1, STM32Cube_FW_WBA_V1.2.0, STM32Cube_FW_WBA_V1.2.0RC2, STM32Cube_FW_WB_V1.15.0RC1, STM32Cube_FW_WB_V1.16.0, STM32Cube_FW_WB_V1.16.0RC2, STM32Cube_FW_WB_V1.18.0, STM32Cube_FW_WL_V1.3.0, X-CUBE-ALGOBUILD_V1.3.0, X-CUBE-ALS_V1.0.1, X-CUBE-AZRTOS-F4_V1.1.0, X-CUBE-AZRTOS-F7_V1.1.0, X-CUBE-AZRTOS-G0_V1.1.0, X-CUBE-AZRTOS-G4_V2.0.0, X-CUBE-AZRTOS-H7_V3.2.0, X-CUBE-AZRTOS-L4_V1.0.0, X-CUBE-AZRTOS-L4_V2.0.0, X-CUBE-AZRTOS-L5_V1.1.0, X-CUBE-AZRTOS-WB_V2.0.0, X-CUBE-AZRTOS-WL_V2.0.0, X-CUBE-BLE1_V7.0.0, X-CUBE-BLE2_V3.3.0, X-CUBE-BLEMGR_V3.0.0, X-CUBE-EEPRMA1_V4.1.0, X-CUBE-EEPRMA1_V4.2.0, X-CUBE-FREERTOS_V1.1.0, X-CUBE-GNSS1_V6.0.0, X-CUBE-MEMS1_V10.0.0, X-CUBE-MEMS1_V9.1.0, X-CUBE-MEMS1_V9.4.0, X-CUBE-MEMS1_V9.6.0, X-CUBE-NFC4_V3.0.0, X-CUBE-NFC7_V1.0.1, X-CUBE-SFXS2LP1_V4.0.0, X-CUBE-SUBG2_V5.0.0, X-CUBE-TOF1_V3.4.0]
2024-02-01 18:43:37,324 [ERROR] DbExamplesSqlite:418 - Missing JSON key: board_cpn
2024-02-01 18:43:37,324 [ERROR] DbExamplesSqlite:418 - Missing JSON key: board_cpn
2024-02-01 18:43:37,325 [ERROR] DbExamplesSqlite:418 - Missing JSON key: board_cpn
2024-02-01 18:43:37,325 [ERROR] DbExamplesSqlite:418 - Missing JSON key: board_cpn
2024-02-01 18:43:37,374 [INFO] DbExamplesSqlite:376 - Ignored 55 examples not supported by CubeIDE
2024-02-01 18:43:37,374 [INFO] DbExamplesSqlite:377 - Found 7560 examples active
2024-02-01 18:43:37,374 [INFO] DbExamplesSqlite:378 - Found 844 examples obsolete
2024-02-01 18:43:37,374 [INFO] DbExamplesSqlite:379 - Found 0 examples under development
2024-02-01 18:43:37,374 [INFO] DbExamplesSqlite:380 - Found 8 examples not building
2024-02-01 18:43:37,376 [INFO] DbExamples:125 - Found 7513 examples
2024-02-01 18:43:37,453 [ERROR] DbExamples:208 - Found 269 examples with invalid data (board or MCU)
2024-02-01 18:43:37,453 [INFO] DbExamples:222 - Found 92 boards with related examples
2024-02-01 18:43:37,455 [INFO] DbExamples:235 - Found 78 MCUs with related examples
2024-02-01 18:43:37,470 [WARN] PackLoader:240 - Cannot read IP mode file for STMicroelectronics.X-CUBE-SMBUS.2.1.0
2024-02-01 18:43:37,477 [INFO] ApiDb:414 - User favorites file not found: C:\Users\Huy/.stm32cubeide/favorites.examples.txt
2024-02-01 18:43:37,477 [INFO] DbExamples:250 - Set 0 / 0 favorites Examples
2024-02-01 18:43:37,490 [WARN] PackLoader:240 - Cannot read IP mode file for STMicroelectronics.X-CUBE-TOUCHGFX.4.23.0
2024-02-01 18:43:37,533 [WARN] PackLoader:240 - Cannot read IP mode file for STMicroelectronics.X-CUBE-AZRTOS-F7.1.1.0
2024-02-01 18:43:37,560 [WARN] PackLoader:240 - Cannot read IP mode file for STMicroelectronics.FP-SNS-MOTENV1.4.3.2
2024-02-01 18:43:37,580 [WARN] PackLoader:240 - Cannot read IP mode file for STMicroelectronics.X-CUBE-BLE1.6.2.3
2024-02-01 18:43:37,596 [WARN] PackLoader:240 - Cannot read IP mode file for STMicroelectronics.X-CUBE-BLE1.6.2.4
2024-02-01 18:43:37,610 [WARN] PackLoader:240 - Cannot read IP mode file for STMicroelectronics.FP-SNS-FLIGHT1.5.0.2
2024-02-01 18:43:37,629 [WARN] PackLoader:240 - Cannot read IP mode file for STMicroelectronics.X-CUBE-TOF1.3.1.0
2024-02-01 18:43:37,654 [WARN] PackLoader:240 - Cannot read IP mode file for STMicroelectronics.X-CUBE-DISPLAY.3.0.0
2024-02-01 18:43:37,668 [WARN] PackLoader:240 - Cannot read IP mode file for STMicroelectronics.X-CUBE-BLE1.7.0.0
2024-02-01 18:43:37,681 [WARN] PackLoader:240 - Cannot read IP mode file for STMicroelectronics.X-CUBE-TOUCHGFX.4.22.0
2024-02-01 18:43:37,692 [WARN] PackLoader:240 - Cannot read IP mode file for STMicroelectronics.X-CUBE-TOUCHGFX.4.22.1
2024-02-01 18:43:37,829 [WARN] PackLoader:240 - Cannot read IP mode file for STMicroelectronics.X-CUBE-MEMS1.9.3.0
2024-02-01 18:43:37,906 [INFO] McuFinderGlobals:66 - Set McuFinderConnectedMode to true
2024-02-01 18:43:37,924 [INFO] MultiScanPanel:200 - Auto-refresh data requested => check proxy status ongoing
2024-02-01 18:43:37,927 [INFO] FinderPluginLoader:95 - Searching for filters in installed packs
2024-02-01 18:43:38,081 [WARN] PackLoader:240 - Cannot read IP mode file for STMicroelectronics.X-CUBE-AI.7.2.0
2024-02-01 18:43:38,095 [WARN] PackLoader:240 - Cannot read IP mode file for STMicroelectronics.FP-SNS-SMARTAG2.1.2.0
2024-02-01 18:43:38,116 [INFO] LogOutputStream:77 - [STDOUT_REDIRECT] 1 : Invalid condition id : UX_CORESTACK_Condition cause : null
2024-02-01 18:43:38,117 [INFO] LogOutputStream:77 - [STDOUT_REDIRECT] 1 : Invalid condition id : UX_CORESTACK_Condition cause : null
2024-02-01 18:43:38,118 [INFO] LogOutputStream:77 - [STDOUT_REDIRECT] 1 : Invalid condition id : UX_CORESTACK_Condition cause : null
2024-02-01 18:43:38,118 [INFO] LogOutputStream:77 - [STDOUT_REDIRECT] 1 : Invalid condition id : UX_CORESTACK_Condition cause : null
2024-02-01 18:43:38,119 [INFO] LogOutputStream:77 - [STDOUT_REDIRECT] 1 : Invalid condition id : UX_CORESTACK_Condition cause : null
2024-02-01 18:43:38,121 [WARN] PackLoader:240 - Cannot read IP mode file for STMicroelectronics.X-CUBE-AZRTOS-WL.2.0.0
2024-02-01 18:43:38,139 [WARN] PackLoader:240 - Cannot read IP mode file for WES.I-CUBE-Cesium.1.3.0
2024-02-01 18:43:38,154 [WARN] PackLoader:240 - Cannot read IP mode file for STMicroelectronics.X-CUBE-BLE2.3.3.0
2024-02-01 18:43:38,170 [WARN] PackLoader:240 - Cannot read IP mode file for STMicroelectronics.X-CUBE-DISPLAY.2.2.0
2024-02-01 18:43:38,194 [WARN] PackLoader:240 - Cannot read IP mode file for STMicroelectronics.X-CUBE-TOF1.3.2.0
2024-02-01 18:43:38,211 [WARN] PackLoader:240 - Cannot read IP mode file for STMicroelectronics.X-CUBE-ISPU.1.0.0
2024-02-01 18:43:38,244 [WARN] PackLoader:240 - Cannot read IP mode file for STMicroelectronics.X-CUBE-AZRTOS-H7.2.1.0
2024-02-01 18:43:38,259 [WARN] PackLoader:240 - Cannot read IP mode file for STMicroelectronics.X-CUBE-TOUCHGFX.4.21.1
2024-02-01 18:43:38,273 [WARN] PackLoader:240 - Cannot read IP mode file for STMicroelectronics.X-CUBE-TOUCHGFX.4.21.0
2024-02-01 18:43:38,285 [WARN] PackLoader:240 - Cannot read IP mode file for STMicroelectronics.X-CUBE-TOUCHGFX.4.21.3
2024-02-01 18:43:38,337 [WARN] PackLoader:240 - Cannot read IP mode file for STMicroelectronics.X-CUBE-MEMS1.9.4.0
2024-02-01 18:43:38,521 [WARN] PackLoader:240 - Cannot read IP mode file for STMicroelectronics.X-CUBE-AI.7.3.0
2024-02-01 18:43:38,540 [WARN] PackLoader:240 - Cannot read IP mode file for STMicroelectronics.X-CUBE-ALGOBUILD.1.3.0
2024-02-01 18:43:38,578 [WARN] PackLoader:240 - Cannot read IP mode file for STMicroelectronics.X-CUBE-AZRTOS-G0.1.1.0
2024-02-01 18:43:38,593 [WARN] PackLoader:240 - Cannot read IP mode file for STMicroelectronics.X-CUBE-NFC4.3.0.0
2024-02-01 18:43:38,658 [WARN] PackLoader:240 - Cannot read IP mode file for SEGGER.I-CUBE-embOS.1.2.0
2024-02-01 18:43:38,698 [WARN] PackLoader:240 - Cannot read IP mode file for STMicroelectronics.X-CUBE-BLEMGR.3.0.0
2024-02-01 18:43:38,715 [WARN] PackLoader:240 - Cannot read IP mode file for STMicroelectronics.X-CUBE-BLEMGR.1.3.0
2024-02-01 18:43:38,732 [WARN] PackLoader:240 - Cannot read IP mode file for STMicroelectronics.FP-ATR-SIGFOX1.3.2.0
2024-02-01 18:43:38,747 [WARN] PackLoader:240 - Cannot read IP mode file for STMicroelectronics.X-CUBE-EEPRMA1.5.1.0
2024-02-01 18:43:38,766 [WARN] PackLoader:240 - Cannot read IP mode file for emotas.I-CUBE-CANOPEN.1.1.2
2024-02-01 18:43:38,780 [WARN] PackLoader:240 - Cannot read IP mode file for STMicroelectronics.X-CUBE-TOUCHGFX.4.20.0
2024-02-01 18:43:38,831 [WARN] PackLoader:240 - Cannot read IP mode file for STMicroelectronics.X-CUBE-MEMS1.9.5.0
2024-02-01 18:43:39,053 [WARN] PackLoader:240 - Cannot read IP mode file for SEGGER.I-CUBE-embOS.1.3.1
2024-02-01 18:43:39,100 [WARN] PackLoader:240 - Cannot read IP mode file for STMicroelectronics.X-CUBE-GNSS1.6.0.0
2024-02-01 18:43:39,156 [WARN] PackLoader:240 - Cannot read IP mode file for STMicroelectronics.X-CUBE-AZRTOS-F4.1.1.0
2024-02-01 18:43:39,174 [WARN] PackLoader:240 - Cannot read IP mode file for STMicroelectronics.X-CUBE-BLEMGR.1.2.0
2024-02-01 18:43:39,208 [WARN] PackLoader:240 - Cannot read IP mode file for STMicroelectronics.X-CUBE-AZRTOS-L5.2.0.0
2024-02-01 18:43:39,258 [WARN] PackLoader:240 - Cannot read IP mode file for STMicroelectronics.X-CUBE-MEMS1.9.6.0
2024-02-01 18:43:39,434 [WARN] PackLoader:240 - Cannot read IP mode file for STMicroelectronics.X-CUBE-EEPRMA1.4.2.0
2024-02-01 18:43:39,463 [WARN] PackLoader:240 - Cannot read IP mode file for ITTIA_DB.I-CUBE-ITTIADB.8.8.0
2024-02-01 18:43:39,483 [WARN] PackLoader:240 - Cannot read IP mode file for STMicroelectronics.X-CUBE-BLEMGR.2.0.0
2024-02-01 18:43:39,501 [WARN] PackLoader:240 - Cannot read IP mode file for STMicroelectronics.X-CUBE-NFC4.2.0.5
2024-02-01 18:43:39,516 [WARN] PackLoader:240 - Cannot read IP mode file for STMicroelectronics.X-CUBE-NFC4.2.0.4
2024-02-01 18:43:39,554 [WARN] ConditionMgr:438 - getConditionDescription Invalid condition id : UX DEVICE CLASS RTOS Condition cause : null
2024-02-01 18:43:39,555 [WARN] ConditionMgr:438 - getConditionDescription Invalid condition id : UX DEVICE CLASS RTOS Condition cause : null
2024-02-01 18:43:39,559 [WARN] PackLoader:240 - Cannot read IP mode file for STMicroelectronics.X-CUBE-AZRTOS-H7.3.1.0
2024-02-01 18:43:39,560 [WARN] ConditionMgr:1039 - genDependencies : Invalid condition id : UX DEVICE CLASS RTOS Condition cause : null
2024-02-01 18:43:39,561 [WARN] ConditionMgr:1039 - genDependencies : Invalid condition id : UX DEVICE CLASS RTOS Condition cause : null
2024-02-01 18:43:39,561 [WARN] ConditionMgr:1039 - genDependencies : Invalid condition id : UX DEVICE CLASS RTOS Condition cause : null
2024-02-01 18:43:39,562 [WARN] ConditionMgr:1039 - genDependencies : Invalid condition id : UX DEVICE CLASS RTOS Condition cause : null
2024-02-01 18:43:39,562 [WARN] ConditionMgr:1039 - genDependencies : Invalid condition id : UX DEVICE CLASS RTOS Condition cause : null
2024-02-01 18:43:39,575 [WARN] PackLoader:240 - Cannot read IP mode file for wolfSSL.I-CUBE-wolfSSL.5.5.0
2024-02-01 18:43:39,588 [WARN] PackLoader:240 - Cannot read IP mode file for STMicroelectronics.X-CUBE-NFC7.1.0.1
2024-02-01 18:43:39,602 [WARN] PackLoader:240 - Cannot read IP mode file for STMicroelectronics.X-CUBE-NFC7.1.0.0
2024-02-01 18:43:39,621 [WARN] PackLoader:240 - Cannot read IP mode file for STMicroelectronics.X-CUBE-NFC6.3.0.0
2024-02-01 18:43:39,633 [WARN] PackLoader:240 - Cannot read IP mode file for STMicroelectronics.X-CUBE-EEPRMA1.4.1.0
2024-02-01 18:43:39,644 [WARN] PackLoader:240 - Cannot read IP mode file for STMicroelectronics.X-CUBE-AI.8.1.0
2024-02-01 18:43:39,684 [WARN] ConditionMgr:438 - getConditionDescription Invalid condition id : LAN8742 Phy interface Condition cause : null
2024-02-01 18:43:39,685 [WARN] PackLoader:240 - Cannot read IP mode file for STMicroelectronics.X-CUBE-AZRTOS-L4.2.0.0
2024-02-01 18:43:39,686 [WARN] ConditionMgr:1039 - genDependencies : Invalid condition id : LAN8742 Phy interface Condition cause : null
2024-02-01 18:43:39,687 [WARN] ConditionMgr:1039 - genDependencies : Invalid condition id : LAN8742 Phy interface Condition cause : null
2024-02-01 18:43:39,687 [WARN] ConditionMgr:1039 - genDependencies : Invalid condition id : LAN8742 Phy interface Condition cause : null
2024-02-01 18:43:39,707 [WARN] PackLoader:240 - Cannot read IP mode file for STMicroelectronics.X-CUBE-SFXS2LP1.4.0.0
2024-02-01 18:43:39,745 [WARN] PackLoader:240 - Cannot read IP mode file for STMicroelectronics.X-CUBE-AZRTOS-H7.3.0.0
2024-02-01 18:43:39,760 [WARN] PackLoader:240 - Cannot read IP mode file for STMicroelectronics.X-CUBE-ISPU.1.1.0
2024-02-01 18:43:39,776 [WARN] PackLoader:240 - Cannot read IP mode file for RoweBots.I-CUBE-UNISONRTOS.5.5.0-4
2024-02-01 18:43:39,786 [WARN] PackLoader:240 - Cannot read IP mode file for STMicroelectronics.X-CUBE-AI.8.0.0
2024-02-01 18:43:39,807 [WARN] ConditionMgr:438 - getConditionDescription Invalid condition id : UX DEVICE CLASS RTOS Condition cause : null
2024-02-01 18:43:39,807 [WARN] ConditionMgr:438 - getConditionDescription Invalid condition id : UX DEVICE CLASS RTOS Condition cause : null
2024-02-01 18:43:39,809 [WARN] PackLoader:240 - Cannot read IP mode file for STMicroelectronics.X-CUBE-AZRTOS-WB.2.0.0
2024-02-01 18:43:39,810 [WARN] ConditionMgr:1039 - genDependencies : Invalid condition id : UX DEVICE CLASS RTOS Condition cause : null
2024-02-01 18:43:39,810 [WARN] ConditionMgr:1039 - genDependencies : Invalid condition id : UX DEVICE CLASS RTOS Condition cause : null
2024-02-01 18:43:39,810 [WARN] ConditionMgr:1039 - genDependencies : Invalid condition id : UX DEVICE CLASS RTOS Condition cause : null
2024-02-01 18:43:39,810 [WARN] ConditionMgr:1039 - genDependencies : Invalid condition id : UX DEVICE CLASS RTOS Condition cause : null
2024-02-01 18:43:39,811 [WARN] ConditionMgr:1039 - genDependencies : Invalid condition id : UX DEVICE CLASS RTOS Condition cause : null
2024-02-01 18:43:39,823 [WARN] PackLoader:240 - Cannot read IP mode file for STMicroelectronics.X-CUBE-FREERTOS.1.0.0
2024-02-01 18:43:39,835 [WARN] PackLoader:240 - Cannot read IP mode file for STMicroelectronics.X-CUBE-FREERTOS.1.0.1
2024-02-01 18:43:39,849 [WARN] PackLoader:240 - Cannot read IP mode file for STMicroelectronics.X-CUBE-BLEMGR.1.0.0
2024-02-01 18:43:39,881 [WARN] PackLoader:240 - Cannot read IP mode file for STMicroelectronics.X-CUBE-AZRTOS-L5.1.1.0
2024-02-01 18:43:39,903 [WARN] PackLoader:240 - Cannot read IP mode file for STMicroelectronics.X-CUBE-SUBG2.5.0.0
2024-02-01 18:43:39,919 [INFO] LoadUrlFilesThread:185 - End of LoadServerUrlFiles without Thread
2024-02-01 18:43:39,921 [WARN] PackLoader:240 - Cannot read IP mode file for STMicroelectronics.X-CUBE-TOF1.3.3.1
2024-02-01 18:43:39,933 [INFO] DetailPanel:341 - Set advertising image to C:/Users/Huy/STM32Cube/Repository/\en.prom-stm32wl3-mcu-finder.jpg
2024-02-01 18:43:39,947 [WARN] PackLoader:240 - Cannot read IP mode file for STMicroelectronics.X-CUBE-AZRTOS-G4.2.0.0
2024-02-01 18:43:39,974 [WARN] PackLoader:240 - Cannot read IP mode file for STMicroelectronics.X-CUBE-TOF1.3.3.0
2024-02-01 18:43:39,993 [WARN] PackLoader:240 - Cannot read IP mode file for STMicroelectronics.FP-ATR-ASTRA1.1.1.1
2024-02-01 18:43:40,012 [WARN] PackLoader:240 - Cannot read IP mode file for Infineon.AIROC-Wi-Fi-Bluetooth-STM32.1.5.1
2024-02-01 18:43:40,028 [WARN] PackLoader:240 - Cannot read IP mode file for STMicroelectronics.FP-SNS-MOTENVWB1.1.3.0
2024-02-01 18:43:40,039 [WARN] PackLoader:240 - Cannot read IP mode file for STMicroelectronics.FP-SNS-MOTENVWB1.1.3.1
2024-02-01 18:43:40,064 [WARN] PackLoader:240 - Cannot read IP mode file for STMicroelectronics.X-CUBE-AZRTOS-G4.1.0.0
2024-02-01 18:43:40,113 [WARN] PackLoader:240 - Cannot read IP mode file for STMicroelectronics.X-CUBE-AZRTOS-L4.1.0.0
2024-02-01 18:43:40,130 [WARN] PackLoader:240 - Cannot read IP mode file for STMicroelectronics.X-CUBE-ISPU.2.0.0
2024-02-01 18:43:40,202 [WARN] PackLoader:240 - Cannot read IP mode file for STMicroelectronics.X-CUBE-MEMS1.10.0.0
2024-02-01 18:43:40,375 [WARN] PackLoader:240 - Cannot read IP mode file for STMicroelectronics.X-CUBE-FREERTOS.1.1.0
2024-02-01 18:43:40,397 [WARN] PackLoader:240 - Cannot read IP mode file for STMicroelectronics.X-CUBE-AZRTOS-WL.1.0.0
2024-02-01 18:43:40,415 [WARN] PackLoader:240 - Cannot read IP mode file for portGmbH.I-Cube-SoM-uGOAL.1.1.0
2024-02-01 18:43:40,428 [WARN] PackLoader:240 - Cannot read IP mode file for STMicroelectronics.X-CUBE-ALS.1.0.1
2024-02-01 18:43:40,454 [WARN] PackLoader:240 - Cannot read IP mode file for STMicroelectronics.X-CUBE-AZRTOS-WB.1.1.0
2024-02-01 18:43:40,483 [WARN] PackLoader:240 - Cannot read IP mode file for STMicroelectronics.X-CUBE-AZRTOS-L5.1.0.0
2024-02-01 18:43:40,496 [WARN] PackLoader:240 - Cannot read IP mode file for STMicroelectronics.X-CUBE-EEPRMA1.3.1.1
2024-02-01 18:43:40,507 [WARN] PackLoader:240 - Cannot read IP mode file for STMicroelectronics.FP-ATR-ASTRA1.2.0.0
2024-02-01 18:43:40,544 [WARN] PackLoader:240 - Cannot read IP mode file for STMicroelectronics.X-CUBE-TOF1.3.4.0
2024-02-01 18:43:40,583 [WARN] PackLoader:240 - Cannot read IP mode file for STMicroelectronics.X-CUBE-AZRTOS-H7.3.2.0
2024-02-01 18:43:40,585 [INFO] ThirdParty:978 - Integrity check success = true
2024-02-01 18:43:40,585 [INFO] IntegrityCheckThread:100 - exiting critical section [integrity check]
2024-02-01 18:43:40,585 [INFO] IntegrityCheckThread:103 - End integrity checks thread
2024-02-01 18:43:40,638 [INFO] ToolPreferences:110 - Table McuList, key=mcufinder_cubeide.mculist: column name not found=IO
2024-02-01 18:43:40,638 [INFO] ToolPreferences:110 - Table McuList, key=mcufinder_cubeide.mculist: column name not found=Freq.
2024-02-01 18:44:49,480 [INFO] MainUpdater:2854 - connection check result : 10
2024-02-01 18:44:49,481 [INFO] MainUpdater:2854 - connection check result : 10
2024-02-01 18:44:49,518 [INFO] MicroXplorer:468 - Change Database Path : 
2024-02-01 18:44:49,518 [INFO] MicroXplorer:498 - Change Database Version : DB.6.0.80
2024-02-01 18:44:49,518 [WARN] ThirdParty:871 - waiting for thirdparty lock release [close project]
2024-02-01 18:44:49,518 [INFO] ThirdParty:873 - entering critical section [close project]
2024-02-01 18:44:49,520 [INFO] ThirdParty:883 - exiting critical section [close project]
2024-02-01 18:44:49,526 [INFO] PinOutPanel:1499 - setPackage(No Configuration,No Configuration)
2024-02-01 18:44:49,534 [INFO] UtilMem:75 - Begin LoadConfig() Used Memory: 596278144 Bytes (610271232)
2024-02-01 18:44:49,536 [INFO] MicroXplorer:468 - Change Database Path : 
2024-02-01 18:44:49,536 [INFO] MicroXplorer:498 - Change Database Version : DB.6.0.80
2024-02-01 18:44:49,537 [INFO] OpenFileManager:308 - Change cursor
2024-02-01 18:44:49,584 [INFO] Mcu:1937 - Initializing MCU STM32F103C6Ux STM32F103C6Ux 
2024-02-01 18:44:49,585 [INFO] Mcu:1950 - No CPN specified => set CPN to STM32F103C6U6A
2024-02-01 18:44:50,652 [INFO] Context:659 - Trying to add GPIOservice into a context  which must be forbidden
2024-02-01 18:44:50,966 [INFO] ImportTextPane:194 - (OptionalMessage_ERROR) Unable to find key (Mcu.ThirdPartyNb) in loaded IOC file
2024-02-01 18:44:50,966 [INFO] ImportTextPane:194 - (OptionalMessage_ERROR) Unable to find key (Mcu.PinsNb) in loaded IOC file
2024-02-01 18:44:50,966 [INFO] ImportTextPane:194 - (OptionalMessage_ERROR) Unable to find key (Mcu.IPNb) in loaded IOC file
2024-02-01 18:44:51,293 [INFO] RtosManager:555 - Registered RTOS mode: class=CMSIS, group=RTOS, mode=CMSIS_V1, owner=FREERTOS
2024-02-01 18:44:51,293 [INFO] RtosManager:555 - Registered RTOS mode: class=CMSIS, group=RTOS2, mode=CMSIS_V2, owner=FREERTOS
2024-02-01 18:44:51,293 [INFO] RtosManager:555 - Registered RTOS mode: class=RTOS, group=Core, mode=CMSIS_V1, owner=FREERTOS
2024-02-01 18:44:51,293 [INFO] RtosManager:555 - Registered RTOS mode: class=RTOS, group=Core, mode=CMSIS_V2, owner=FREERTOS
2024-02-01 18:44:51,294 [WARN] ModelIntegratedComponent:184 - Missing modes for component STMicroelectronics:FreeRTOS:0.0.1:STMicroelectronics:RTOS:FreeRTOS:Core:::10.2.0:
2024-02-01 18:44:51,305 [WARN] ModelIntegratedComponent:63 - No mode defined for component null
2024-02-01 18:44:51,305 [WARN] ModelIntegratedComponent:63 - No mode defined for component null
2024-02-01 18:44:51,305 [WARN] ModelIntegratedComponent:63 - No mode defined for component null
2024-02-01 18:44:51,305 [WARN] ModelIntegratedComponent:63 - No mode defined for component null
2024-02-01 18:44:51,305 [WARN] ModelIntegratedComponent:63 - No mode defined for component null
2024-02-01 18:44:51,305 [WARN] ModelIntegratedComponent:63 - No mode defined for component null
2024-02-01 18:44:51,305 [WARN] ModelIntegratedComponent:63 - No mode defined for component null
2024-02-01 18:44:51,305 [WARN] ModelIntegratedComponent:63 - No mode defined for component null
2024-02-01 18:44:51,305 [WARN] ModelIntegratedComponent:63 - No mode defined for component null
2024-02-01 18:44:51,305 [WARN] ModelIntegratedComponent:63 - No mode defined for component null
2024-02-01 18:44:51,306 [WARN] ModelIntegratedComponent:63 - No mode defined for component null
2024-02-01 18:44:51,306 [WARN] ModelIntegratedComponent:63 - No mode defined for component null
2024-02-01 18:44:51,306 [WARN] ModelIntegratedComponent:63 - No mode defined for component null
2024-02-01 18:44:51,306 [WARN] ModelIntegratedComponent:63 - No mode defined for component null
2024-02-01 18:44:51,306 [WARN] ModelIntegratedComponent:63 - No mode defined for component null
2024-02-01 18:44:51,306 [WARN] ModelIntegratedComponent:63 - No mode defined for component null
2024-02-01 18:44:51,306 [WARN] ModelIntegratedComponent:63 - No mode defined for component null
2024-02-01 18:44:51,306 [WARN] ModelIntegratedComponent:63 - No mode defined for component null
2024-02-01 18:44:51,306 [WARN] ModelIntegratedComponent:63 - No mode defined for component null
2024-02-01 18:44:51,306 [WARN] ModelIntegratedComponent:63 - No mode defined for component null
2024-02-01 18:44:51,306 [WARN] ModelIntegratedComponent:63 - No mode defined for component null
2024-02-01 18:44:51,306 [WARN] ModelIntegratedComponent:63 - No mode defined for component null
2024-02-01 18:44:51,306 [WARN] ModelIntegratedComponent:63 - No mode defined for component null
2024-02-01 18:44:51,306 [WARN] ModelIntegratedComponent:63 - No mode defined for component null
2024-02-01 18:44:51,306 [WARN] ModelIntegratedComponent:63 - No mode defined for component null
2024-02-01 18:44:51,306 [WARN] ModelIntegratedComponent:63 - No mode defined for component null
2024-02-01 18:44:51,306 [WARN] ModelIntegratedComponent:63 - No mode defined for component null
2024-02-01 18:44:51,306 [WARN] ModelIntegratedComponent:63 - No mode defined for component null
2024-02-01 18:44:51,306 [WARN] ModelIntegratedComponent:63 - No mode defined for component null
2024-02-01 18:44:51,306 [WARN] ModelIntegratedComponent:63 - No mode defined for component null
2024-02-01 18:44:51,306 [WARN] ModelIntegratedComponent:63 - No mode defined for component null
2024-02-01 18:44:51,307 [WARN] ModelIntegratedComponent:63 - No mode defined for component null
2024-02-01 18:44:51,307 [WARN] ModelIntegratedComponent:63 - No mode defined for component null
2024-02-01 18:44:51,829 [INFO] ThirdPartyModel:298 - Start build external matchings
2024-02-01 18:44:53,762 [INFO] ThirdPartyModel:316 - End build external matchings
2024-02-01 18:44:53,972 [INFO] UtilMem:75 - End LoadConfig() Used Memory: 594031256 Bytes (749731840)
2024-02-01 18:44:53,997 [WARN] ThirdParty:833 - waiting for thirdparty lock release [change project]
2024-02-01 18:44:53,998 [INFO] ThirdParty:835 - entering critical section [change project]
2024-02-01 18:44:53,998 [INFO] ThirdParty:1030 - CMSIS Pack Vendor :STMicroelectronics X-CUBE-GNSS1 6.0.0
2024-02-01 18:44:53,998 [INFO] ThirdParty:1030 - CMSIS Pack Vendor :STMicroelectronics USB_HOST 2.0.0
2024-02-01 18:44:53,998 [INFO] ThirdParty:1030 - CMSIS Pack Vendor :STMicroelectronics X-CUBE-AZRTOS-F4 1.1.0
2024-02-01 18:44:53,998 [INFO] ThirdParty:1030 - CMSIS Pack Vendor :STMicroelectronics LIBJPEG 8.0.0
2024-02-01 18:44:53,998 [INFO] ThirdParty:1030 - CMSIS Pack Vendor :STMicroelectronics X-CUBE-SMBUS 2.1.0
2024-02-01 18:44:53,998 [INFO] ThirdParty:1030 - CMSIS Pack Vendor :STMicroelectronics X-CUBE-TOUCHGFX 4.23.0
2024-02-01 18:44:53,998 [INFO] ThirdParty:1030 - CMSIS Pack Vendor :STMicroelectronics X-CUBE-BLEMGR 1.2.0
2024-02-01 18:44:53,998 [INFO] ThirdParty:1030 - CMSIS Pack Vendor :STMicroelectronics X-CUBE-AZRTOS-F7 1.1.0
2024-02-01 18:44:53,998 [INFO] ThirdParty:1030 - CMSIS Pack Vendor :STMicroelectronics X-CUBE-AZRTOS-L5 2.0.0
2024-02-01 18:44:53,999 [INFO] ThirdParty:1030 - CMSIS Pack Vendor :STMicroelectronics USB_DEVICE 2.0.0
2024-02-01 18:44:53,999 [INFO] ThirdParty:1030 - CMSIS Pack Vendor :STMicroelectronics X-CUBE-MEMS1 9.6.0
2024-02-01 18:44:53,999 [INFO] ThirdParty:1030 - CMSIS Pack Vendor :STMicroelectronics X-CUBE-EEPRMA1 4.2.0
2024-02-01 18:44:53,999 [INFO] ThirdParty:1030 - CMSIS Pack Vendor :ITTIA_DB I-CUBE-ITTIADB 8.8.0
2024-02-01 18:44:53,999 [INFO] ThirdParty:1030 - CMSIS Pack Vendor :STMicroelectronics FP-SNS-MOTENV1 4.3.2
2024-02-01 18:44:53,999 [INFO] ThirdParty:1030 - CMSIS Pack Vendor :STMicroelectronics X-CUBE-BLE1 6.2.3
2024-02-01 18:44:53,999 [INFO] ThirdParty:1030 - CMSIS Pack Vendor :STMicroelectronics X-CUBE-BLE1 6.2.4
2024-02-01 18:44:53,999 [INFO] ThirdParty:1030 - CMSIS Pack Vendor :STMicroelectronics FreeRTOS 0.0.1
2024-02-01 18:44:53,999 [INFO] ThirdParty:1030 - CMSIS Pack Vendor :STMicroelectronics X-CUBE-BLEMGR 2.0.0
2024-02-01 18:44:53,999 [INFO] ThirdParty:1030 - CMSIS Pack Vendor :STMicroelectronics FP-SNS-FLIGHT1 5.0.2
2024-02-01 18:44:53,999 [INFO] ThirdParty:1030 - CMSIS Pack Vendor :STMicroelectronics X-CUBE-NFC4 2.0.5
2024-02-01 18:44:53,999 [INFO] ThirdParty:1030 - CMSIS Pack Vendor :STMicroelectronics X-CUBE-NFC4 2.0.4
2024-02-01 18:44:53,999 [INFO] ThirdParty:1030 - CMSIS Pack Vendor :STMicroelectronics X-CUBE-AZRTOS-H7 3.1.0
2024-02-01 18:44:53,999 [INFO] ThirdParty:1030 - CMSIS Pack Vendor :STMicroelectronics PDM2PCM 3.3.0
2024-02-01 18:44:53,999 [INFO] ThirdParty:1030 - CMSIS Pack Vendor :STMicroelectronics X-CUBE-TOF1 3.1.0
2024-02-01 18:44:53,999 [INFO] ThirdParty:1030 - CMSIS Pack Vendor :STMicroelectronics X-CUBE-DISPLAY 3.0.0
2024-02-01 18:44:53,999 [INFO] ThirdParty:1030 - CMSIS Pack Vendor :STMicroelectronics X-CUBE-BLE1 7.0.0
2024-02-01 18:44:54,000 [INFO] ThirdParty:1030 - CMSIS Pack Vendor :wolfSSL I-CUBE-wolfSSL 5.5.0
2024-02-01 18:44:54,000 [INFO] ThirdParty:1030 - CMSIS Pack Vendor :STMicroelectronics HAL Drivers 0.0.0
2024-02-01 18:44:54,000 [INFO] ThirdParty:1030 - CMSIS Pack Vendor :STMicroelectronics X-CUBE-TOUCHGFX 4.22.0
2024-02-01 18:44:54,000 [INFO] ThirdParty:1030 - CMSIS Pack Vendor :STMicroelectronics X-CUBE-NFC7 1.0.1
2024-02-01 18:44:54,000 [INFO] ThirdParty:1030 - CMSIS Pack Vendor :STMicroelectronics MBEDTLS 2.14.1
2024-02-01 18:44:54,000 [INFO] ThirdParty:1030 - CMSIS Pack Vendor :STMicroelectronics X-CUBE-NFC7 1.0.0
2024-02-01 18:44:54,000 [INFO] ThirdParty:1030 - CMSIS Pack Vendor :STMicroelectronics X-CUBE-TOUCHGFX 4.22.1
2024-02-01 18:44:54,000 [INFO] ThirdParty:1030 - CMSIS Pack Vendor :STMicroelectronics X-CUBE-NFC6 3.0.0
2024-02-01 18:44:54,000 [INFO] ThirdParty:1030 - CMSIS Pack Vendor :STMicroelectronics X-CUBE-MEMS1 9.3.0
2024-02-01 18:44:54,000 [INFO] ThirdParty:1030 - CMSIS Pack Vendor :STMicroelectronics X-CUBE-EEPRMA1 4.1.0
2024-02-01 18:44:54,000 [INFO] ThirdParty:1030 - CMSIS Pack Vendor :STMicroelectronics X-CUBE-AI 7.2.0
2024-02-01 18:44:54,000 [INFO] ThirdParty:1030 - CMSIS Pack Vendor :STMicroelectronics FP-SNS-SMARTAG2 1.2.0
2024-02-01 18:44:54,000 [INFO] ThirdParty:1030 - CMSIS Pack Vendor :STMicroelectronics X-CUBE-AZRTOS-WL 2.0.0
2024-02-01 18:44:54,000 [INFO] ThirdParty:1030 - CMSIS Pack Vendor :STMicroelectronics USB_DEVICE 1.0.0
2024-02-01 18:44:54,000 [INFO] ThirdParty:1030 - CMSIS Pack Vendor :STMicroelectronics X-CUBE-AI 8.1.0
2024-02-01 18:44:54,000 [INFO] ThirdParty:1030 - CMSIS Pack Vendor :STMicroelectronics X-CUBE-AZRTOS-L4 2.0.0
2024-02-01 18:44:54,000 [INFO] ThirdParty:1030 - CMSIS Pack Vendor :STMicroelectronics ThreadX 0.0.2
2024-02-01 18:44:54,000 [INFO] ThirdParty:1030 - CMSIS Pack Vendor :WES I-CUBE-Cesium 1.3.0
2024-02-01 18:44:54,000 [INFO] ThirdParty:1030 - CMSIS Pack Vendor :STMicroelectronics lwIP 2.1.2
2024-02-01 18:44:54,000 [INFO] ThirdParty:1030 - CMSIS Pack Vendor :STMicroelectronics X-CUBE-SFXS2LP1 4.0.0
2024-02-01 18:44:54,000 [INFO] ThirdParty:1030 - CMSIS Pack Vendor :STMicroelectronics X-CUBE-BLE2 3.3.0
2024-02-01 18:44:54,000 [INFO] ThirdParty:1030 - CMSIS Pack Vendor :STMicroelectronics X-CUBE-DISPLAY 2.2.0
2024-02-01 18:44:54,000 [INFO] ThirdParty:1030 - CMSIS Pack Vendor :STMicroelectronics X-CUBE-TOF1 3.2.0
2024-02-01 18:44:54,001 [INFO] ThirdParty:1030 - CMSIS Pack Vendor :STMicroelectronics PDM2PCM 3.2.0
2024-02-01 18:44:54,001 [INFO] ThirdParty:1030 - CMSIS Pack Vendor :STMicroelectronics X-CUBE-AZRTOS-H7 3.0.0
2024-02-01 18:44:54,001 [INFO] ThirdParty:1030 - CMSIS Pack Vendor :STMicroelectronics X-CUBE-ISPU 1.0.0
2024-02-01 18:44:54,001 [INFO] ThirdParty:1030 - CMSIS Pack Vendor :STMicroelectronics X-CUBE-ISPU 1.1.0
2024-02-01 18:44:54,001 [INFO] ThirdParty:1030 - CMSIS Pack Vendor :RoweBots I-CUBE-UNISONRTOS 5.5.0-4
2024-02-01 18:44:54,001 [INFO] ThirdParty:1030 - CMSIS Pack Vendor :STMicroelectronics X-CUBE-AZRTOS-H7 2.1.0
2024-02-01 18:44:54,001 [INFO] ThirdParty:1030 - CMSIS Pack Vendor :STMicroelectronics USB_DEVICE 3.0.0
2024-02-01 18:44:54,002 [INFO] ThirdParty:1030 - CMSIS Pack Vendor :STMicroelectronics X-CUBE-AI 8.0.0
2024-02-01 18:44:54,002 [INFO] ThirdParty:1030 - CMSIS Pack Vendor :STMicroelectronics X-CUBE-AZRTOS-WB 2.0.0
2024-02-01 18:44:54,002 [INFO] ThirdParty:1030 - CMSIS Pack Vendor :STMicroelectronics X-CUBE-FREERTOS 1.0.0
2024-02-01 18:44:54,002 [INFO] ThirdParty:1030 - CMSIS Pack Vendor :STMicroelectronics X-CUBE-FREERTOS 1.0.1
2024-02-01 18:44:54,002 [INFO] ThirdParty:1030 - CMSIS Pack Vendor :STMicroelectronics X-CUBE-TOUCHGFX 4.21.1
2024-02-01 18:44:54,002 [INFO] ThirdParty:1030 - CMSIS Pack Vendor :STMicroelectronics X-CUBE-TOUCHGFX 4.21.0
2024-02-01 18:44:54,002 [INFO] ThirdParty:1030 - CMSIS Pack Vendor :STMicroelectronics X-CUBE-TOUCHGFX 4.21.3
2024-02-01 18:44:54,002 [INFO] ThirdParty:1030 - CMSIS Pack Vendor :STMicroelectronics X-CUBE-BLEMGR 1.0.0
2024-02-01 18:44:54,002 [INFO] ThirdParty:1030 - CMSIS Pack Vendor :STMicroelectronics X-CUBE-MEMS1 9.4.0
2024-02-01 18:44:54,002 [INFO] ThirdParty:1030 - CMSIS Pack Vendor :STMicroelectronics X-CUBE-AI 7.3.0
2024-02-01 18:44:54,002 [INFO] ThirdParty:1030 - CMSIS Pack Vendor :STMicroelectronics X-CUBE-ALGOBUILD 1.3.0
2024-02-01 18:44:54,002 [INFO] ThirdParty:1030 - CMSIS Pack Vendor :STMicroelectronics X-CUBE-AZRTOS-L5 1.1.0
2024-02-01 18:44:54,002 [INFO] ThirdParty:1030 - CMSIS Pack Vendor :STMicroelectronics X-CUBE-AZRTOS-G0 1.1.0
2024-02-01 18:44:54,002 [INFO] ThirdParty:1030 - CMSIS Pack Vendor :STMicroelectronics X-CUBE-NFC4 3.0.0
2024-02-01 18:44:54,003 [INFO] ThirdParty:1030 - CMSIS Pack Vendor :SEGGER I-CUBE-embOS 1.2.0
2024-02-01 18:44:54,003 [INFO] ThirdParty:1030 - CMSIS Pack Vendor :STMicroelectronics X-CUBE-SUBG2 5.0.0
2024-02-01 18:44:54,003 [INFO] ThirdParty:1030 - CMSIS Pack Vendor :STMicroelectronics STM32_WPAN 1.0.0
2024-02-01 18:44:54,003 [INFO] ThirdParty:1030 - CMSIS Pack Vendor :STMicroelectronics lwIP 2.0.3
2024-02-01 18:44:54,003 [INFO] ThirdParty:1030 - CMSIS Pack Vendor :STMicroelectronics USB_HOST 1.0.0
2024-02-01 18:44:54,003 [INFO] ThirdParty:1030 - CMSIS Pack Vendor :STMicroelectronics X-CUBE-TOF1 3.3.1
2024-02-01 18:44:54,003 [INFO] ThirdParty:1030 - CMSIS Pack Vendor :STMicroelectronics X-CUBE-AZRTOS-G4 2.0.0
2024-02-01 18:44:54,003 [INFO] ThirdParty:1030 - CMSIS Pack Vendor :STMicroelectronics PDM2PCM 3.1.0
2024-02-01 18:44:54,003 [INFO] ThirdParty:1030 - CMSIS Pack Vendor :STMicroelectronics X-CUBE-TOF1 3.3.0
2024-02-01 18:44:54,003 [INFO] ThirdParty:1030 - CMSIS Pack Vendor :STMicroelectronics FP-ATR-ASTRA1 1.1.1
2024-02-01 18:44:54,003 [INFO] ThirdParty:1030 - CMSIS Pack Vendor :Infineon AIROC-Wi-Fi-Bluetooth-STM32 1.5.1
2024-02-01 18:44:54,003 [INFO] ThirdParty:1030 - CMSIS Pack Vendor :STMicroelectronics X-CUBE-BLEMGR 3.0.0
2024-02-01 18:44:54,003 [INFO] ThirdParty:1030 - CMSIS Pack Vendor :STMicroelectronics X-CUBE-BLEMGR 1.3.0
2024-02-01 18:44:54,003 [INFO] ThirdParty:1030 - CMSIS Pack Vendor :STMicroelectronics FP-SNS-MOTENVWB1 1.3.0
2024-02-01 18:44:54,003 [INFO] ThirdParty:1030 - CMSIS Pack Vendor :STMicroelectronics FP-SNS-MOTENVWB1 1.3.1
2024-02-01 18:44:54,003 [INFO] ThirdParty:1030 - CMSIS Pack Vendor :STMicroelectronics FP-ATR-SIGFOX1 3.2.0
2024-02-01 18:44:54,003 [INFO] ThirdParty:1030 - CMSIS Pack Vendor :STMicroelectronics X-CUBE-AZRTOS-G4 1.0.0
2024-02-01 18:44:54,003 [INFO] ThirdParty:1030 - CMSIS Pack Vendor :STMicroelectronics X-CUBE-AZRTOS-L4 1.0.0
2024-02-01 18:44:54,003 [INFO] ThirdParty:1030 - CMSIS Pack Vendor :STMicroelectronics X-CUBE-ISPU 2.0.0
2024-02-01 18:44:54,003 [INFO] ThirdParty:1030 - CMSIS Pack Vendor :STMicroelectronics X-CUBE-EEPRMA1 5.1.0
2024-02-01 18:44:54,003 [INFO] ThirdParty:1030 - CMSIS Pack Vendor :STMicroelectronics MBEDTLS 2.16.2
2024-02-01 18:44:54,003 [INFO] ThirdParty:1030 - CMSIS Pack Vendor :emotas I-CUBE-CANOPEN 1.1.2
2024-02-01 18:44:54,003 [INFO] ThirdParty:1030 - CMSIS Pack Vendor :STMicroelectronics X-CUBE-TOUCHGFX 4.20.0
2024-02-01 18:44:54,004 [INFO] ThirdParty:1030 - CMSIS Pack Vendor :STMicroelectronics X-CUBE-MEMS1 10.0.0
2024-02-01 18:44:54,004 [INFO] ThirdParty:1030 - CMSIS Pack Vendor :STMicroelectronics X-CUBE-FREERTOS 1.1.0
2024-02-01 18:44:54,004 [INFO] ThirdParty:1030 - CMSIS Pack Vendor :STMicroelectronics X-CUBE-AZRTOS-WL 1.0.0
2024-02-01 18:44:54,004 [INFO] ThirdParty:1030 - CMSIS Pack Vendor :portGmbH I-Cube-SoM-uGOAL 1.1.0
2024-02-01 18:44:54,004 [INFO] ThirdParty:1030 - CMSIS Pack Vendor :STMicroelectronics X-CUBE-ALS 1.0.1
2024-02-01 18:44:54,004 [INFO] ThirdParty:1030 - CMSIS Pack Vendor :STMicroelectronics X-CUBE-MEMS1 9.5.0
2024-02-01 18:44:54,004 [INFO] ThirdParty:1030 - CMSIS Pack Vendor :STMicroelectronics ThreadX 1.0.0
2024-02-01 18:44:54,004 [INFO] ThirdParty:1030 - CMSIS Pack Vendor :STMicroelectronics X-CUBE-AZRTOS-WB 1.1.0
2024-02-01 18:44:54,004 [INFO] ThirdParty:1030 - CMSIS Pack Vendor :SEGGER I-CUBE-embOS 1.3.1
2024-02-01 18:44:54,004 [INFO] ThirdParty:1030 - CMSIS Pack Vendor :STMicroelectronics X-CUBE-AZRTOS-L5 1.0.0
2024-02-01 18:44:54,004 [INFO] ThirdParty:1030 - CMSIS Pack Vendor :STMicroelectronics X-CUBE-EEPRMA1 3.1.1
2024-02-01 18:44:54,004 [INFO] ThirdParty:1030 - CMSIS Pack Vendor :STMicroelectronics FP-ATR-ASTRA1 2.0.0
2024-02-01 18:44:54,004 [INFO] ThirdParty:1030 - CMSIS Pack Vendor :STMicroelectronics X-CUBE-TOF1 3.4.0
2024-02-01 18:44:54,004 [INFO] ThirdParty:1030 - CMSIS Pack Vendor :STMicroelectronics X-CUBE-AZRTOS-H7 3.2.0
2024-02-01 18:44:54,004 [INFO] ThirdParty:841 - exiting critical section [change project]
2024-02-01 18:44:54,207 [INFO] PinOutPanel:1499 - setPackage(No Configuration,No Configuration)
2024-02-01 18:44:54,209 [INFO] PinOutPanel:1499 - setPackage(STM32F103C6Ux,UFQFPN48)
2024-02-01 18:44:54,649 [INFO] UtilMem:75 - Before build in PCC Used Memory: 648989096 Bytes (749731840)
2024-02-01 18:44:55,297 [INFO] UtilMem:75 - After build in PCC Used Memory: 635834088 Bytes (749731840)
2024-02-01 18:44:55,320 [INFO] IPUIPlugin:80 - create IPUIPlugin
2024-02-01 18:44:55,321 [INFO] IPUIPlugin:80 - create IPUIPlugin
2024-02-01 18:44:55,321 [INFO] IPUIPlugin:80 - create IPUIPlugin
2024-02-01 18:44:55,321 [INFO] IPUIPlugin:80 - create IPUIPlugin
2024-02-01 18:44:55,321 [INFO] IPUIPlugin:80 - create IPUIPlugin
2024-02-01 18:44:55,321 [INFO] IPUIPlugin:80 - create IPUIPlugin
2024-02-01 18:44:55,321 [INFO] IPUIPlugin:80 - create IPUIPlugin
2024-02-01 18:44:55,321 [INFO] IPUIPlugin:80 - create IPUIPlugin
2024-02-01 18:44:55,321 [INFO] IPUIPlugin:80 - create IPUIPlugin
2024-02-01 18:44:55,322 [INFO] IPUIPlugin:80 - create IPUIPlugin
2024-02-01 18:44:55,322 [INFO] IPUIPlugin:80 - create IPUIPlugin
2024-02-01 18:44:55,322 [INFO] IPUIPlugin:80 - create IPUIPlugin
2024-02-01 18:44:55,322 [INFO] IPUIPlugin:80 - create IPUIPlugin
2024-02-01 18:44:55,322 [INFO] IPUIPlugin:80 - create IPUIPlugin
2024-02-01 18:44:55,323 [INFO] IPUIPlugin:80 - create IPUIPlugin
2024-02-01 18:44:55,323 [INFO] IPUIPlugin:80 - create IPUIPlugin
2024-02-01 18:44:55,323 [INFO] IPUIPlugin:80 - create IPUIPlugin
2024-02-01 18:44:55,324 [INFO] IPUIPlugin:80 - create IPUIPlugin
2024-02-01 18:44:55,324 [INFO] IPUIPlugin:80 - create IPUIPlugin
2024-02-01 18:44:55,324 [INFO] IPUIPlugin:80 - create IPUIPlugin
2024-02-01 18:44:55,324 [INFO] IPUIPlugin:80 - create IPUIPlugin
2024-02-01 18:44:55,324 [INFO] IPUIPlugin:80 - create IPUIPlugin
2024-02-01 18:44:55,333 [INFO] IPUIPlugin:80 - create IPUIPlugin
2024-02-01 18:44:55,495 [INFO] CADModel:165 - CPN selected for project levelSTM32F103C6U6A
2024-02-01 18:44:55,496 [INFO] CADModel:114 - Register for checkConnection events
2024-02-01 18:44:55,550 [INFO] OpenFileManager:328 - Restore cursor
2024-02-01 18:44:56,577 [INFO] UtilMem:75 - End SaveConfig() Used Memory: 651128648 Bytes (749731840)
2024-02-01 18:44:56,639 [INFO] UtilMem:75 - End SaveConfig() Used Memory: 572118584 Bytes (749731840)
2024-02-01 18:44:57,046 [INFO] BlockDiagram:2759 - set Specific Code input for plugin: NVIC
2024-02-01 18:44:57,046 [INFO] BlockDiagram:2759 - set Specific Code input for plugin: RCC
2024-02-01 18:44:57,047 [INFO] CodeGenerator:793 - code generatio: config db path: C:\ST\STM32CubeIDE_1.7.0\STM32CubeIDE\plugins\com.st.stm32cube.common.mx_6.8.0.202302231600\\db\
2024-02-01 18:44:57,387 [INFO] CodeEngine:255 - oldGeneratedFile, D:\Embedded_Programming\STM\STM32\Microprocessors_Microcontrollers_Lab\Microprocessors_Microcontrollers_Lab_5\STM32CubeIDE\STM32ProjectForLab5\MXTmpFiles\license.tmp_save
2024-02-01 18:44:57,900 [INFO] CodeEngine:279 - Generated code: D:\Embedded_Programming\STM\STM32\Microprocessors_Microcontrollers_Lab\Microprocessors_Microcontrollers_Lab_5\STM32CubeIDE\STM32ProjectForLab5\MXTmpFiles\license.tmp
2024-02-01 18:44:57,937 [INFO] CodeEngine:255 - oldGeneratedFile, D:\Embedded_Programming\STM\STM32\Microprocessors_Microcontrollers_Lab\Microprocessors_Microcontrollers_Lab_5\STM32CubeIDE\STM32ProjectForLab5\Core\Src\stm32f1xx_it.c_save
2024-02-01 18:44:58,267 [INFO] CodeEngine:279 - Generated code: D:\Embedded_Programming\STM\STM32\Microprocessors_Microcontrollers_Lab\Microprocessors_Microcontrollers_Lab_5\STM32CubeIDE\STM32ProjectForLab5\Core\Src\stm32f1xx_it.c
2024-02-01 18:44:58,280 [INFO] CodeEngine:255 - oldGeneratedFile, D:\Embedded_Programming\STM\STM32\Microprocessors_Microcontrollers_Lab\Microprocessors_Microcontrollers_Lab_5\STM32CubeIDE\STM32ProjectForLab5\Core\Inc\stm32f1xx_it.h_save
2024-02-01 18:44:58,418 [INFO] CodeEngine:279 - Generated code: D:\Embedded_Programming\STM\STM32\Microprocessors_Microcontrollers_Lab\Microprocessors_Microcontrollers_Lab_5\STM32CubeIDE\STM32ProjectForLab5\Core\Inc\stm32f1xx_it.h
2024-02-01 18:44:58,565 [INFO] CodeEngine:255 - oldGeneratedFile, D:\Embedded_Programming\STM\STM32\Microprocessors_Microcontrollers_Lab\Microprocessors_Microcontrollers_Lab_5\STM32CubeIDE\STM32ProjectForLab5\Core\Src\stm32f1xx_hal_msp.c_save
2024-02-01 18:44:58,698 [INFO] CodeEngine:279 - Generated code: D:\Embedded_Programming\STM\STM32\Microprocessors_Microcontrollers_Lab\Microprocessors_Microcontrollers_Lab_5\STM32CubeIDE\STM32ProjectForLab5\Core\Src\stm32f1xx_hal_msp.c
2024-02-01 18:44:58,707 [INFO] CodeEngine:255 - oldGeneratedFile, D:\Embedded_Programming\STM\STM32\Microprocessors_Microcontrollers_Lab\Microprocessors_Microcontrollers_Lab_5\STM32CubeIDE\STM32ProjectForLab5\MXTmpFiles\system.tmp_save
2024-02-01 18:44:58,786 [INFO] CodeEngine:279 - Generated code: D:\Embedded_Programming\STM\STM32\Microprocessors_Microcontrollers_Lab\Microprocessors_Microcontrollers_Lab_5\STM32CubeIDE\STM32ProjectForLab5\MXTmpFiles\system.tmp
2024-02-01 18:44:58,799 [INFO] CodeEngine:311 - oldGeneratedFile, D:\Embedded_Programming\STM\STM32\Microprocessors_Microcontrollers_Lab\Microprocessors_Microcontrollers_Lab_5\STM32CubeIDE\STM32ProjectForLab5\Core\Inc\stm32f1xx_hal_conf.h_save
2024-02-01 18:44:58,904 [INFO] CodeEngine:335 - Generated code: D:\Embedded_Programming\STM\STM32\Microprocessors_Microcontrollers_Lab\Microprocessors_Microcontrollers_Lab_5\STM32CubeIDE\STM32ProjectForLab5\Core\Inc\stm32f1xx_hal_conf.h
2024-02-01 18:44:58,959 [INFO] CodeEngine:255 - oldGeneratedFile, D:\Embedded_Programming\STM\STM32\Microprocessors_Microcontrollers_Lab\Microprocessors_Microcontrollers_Lab_5\STM32CubeIDE\STM32ProjectForLab5\Core\Inc\main.h_save
2024-02-01 18:44:59,072 [INFO] CodeEngine:279 - Generated code: D:\Embedded_Programming\STM\STM32\Microprocessors_Microcontrollers_Lab\Microprocessors_Microcontrollers_Lab_5\STM32CubeIDE\STM32ProjectForLab5\Core\Inc\main.h
2024-02-01 18:44:59,091 [INFO] CodeEngine:255 - oldGeneratedFile, D:\Embedded_Programming\STM\STM32\Microprocessors_Microcontrollers_Lab\Microprocessors_Microcontrollers_Lab_5\STM32CubeIDE\STM32ProjectForLab5\Core\Src\main.c_save
2024-02-01 18:44:59,235 [INFO] CodeEngine:279 - Generated code: D:\Embedded_Programming\STM\STM32\Microprocessors_Microcontrollers_Lab\Microprocessors_Microcontrollers_Lab_5\STM32CubeIDE\STM32ProjectForLab5\Core\Src\main.c
2024-02-01 18:44:59,904 [INFO] ProjectBuilder:2996 - Time for Copy HAL[1] : 152mS.
2024-02-01 18:44:59,948 [INFO] ProjectBuilder:4304 - Project Generator version: 3.19.2
2024-02-01 18:45:00,359 [INFO] ConfigFileManager:1483 - The Die is : DIE412
2024-02-01 18:45:00,384 [INFO] ApiDbMcu:507 - Load IP Config File for FATFS
2024-02-01 18:45:00,415 [INFO] ApiDbMcu:507 - Load IP Config File for FREERTOS
2024-02-01 18:45:00,432 [INFO] ApiDbMcu:507 - Load IP Config File for USB_DEVICE
2024-02-01 18:45:01,636 [INFO] LogOutputStream:77 - [STDOUT_REDIRECT] 
2024-02-01 18:45:05,877 [INFO] ProjectBuilder:4505 - Time for Generating toolchain IDE Files: 5929mS.
2024-02-01 18:45:05,878 [INFO] ProjectBuilder:2867 - Time for Copy CMSIS : 1mS.
2024-02-01 18:45:05,879 [INFO] ProjectBuilder:2867 - Time for Copy CMSIS : 0mS.
2024-02-01 18:45:06,926 [INFO] McuFinderGlobals:66 - Set McuFinderConnectedMode to true
2024-02-01 18:45:06,929 [INFO] ApiDb:448 - Save user favorites file C:\Users\Huy/.stm32cubeide/favorites.mcus.txt: 0 item(s)
2024-02-01 18:45:06,929 [INFO] ApiDb:452 - User favorites MCUs=[]
2024-02-01 18:45:29,146 [INFO] NvicIntPanel:101 - NVIC parent = com.st.microxplorer.plugins.ip.nvic.MultiNvicIntPanel[,0,0,450x161,layout=javax.swing.BoxLayout,alignmentX=0.0,alignmentY=0.0,border=,flags=9,maximumSize=,minimumSize=,preferredSize=]
2024-02-01 18:45:30,174 [INFO] NvicIntPanel:101 - NVIC parent = com.st.microxplorer.plugins.ip.nvic.MultiNvicIntPanel[,0,0,0x0,invalid,layout=javax.swing.BoxLayout,alignmentX=0.0,alignmentY=0.0,border=,flags=9,maximumSize=,minimumSize=,preferredSize=]
2024-02-01 18:45:37,624 [INFO] NvicIntPanel:101 - NVIC parent = com.st.microxplorer.plugins.ip.nvic.MultiNvicIntPanel[,0,0,0x0,invalid,layout=javax.swing.BoxLayout,alignmentX=0.0,alignmentY=0.0,border=,flags=9,maximumSize=,minimumSize=,preferredSize=]
2024-02-01 18:45:43,027 [INFO] UtilMem:75 - End SaveConfig() Used Memory: 566379392 Bytes (932184064)
2024-02-01 18:45:44,671 [INFO] UtilMem:75 - End SaveConfig() Used Memory: 582170440 Bytes (932184064)
2024-02-01 18:45:46,895 [INFO] UtilMem:75 - End SaveConfig() Used Memory: 641925328 Bytes (932184064)
2024-02-01 18:45:47,381 [INFO] BlockDiagram:2759 - set Specific Code input for plugin: NVIC
2024-02-01 18:45:47,381 [INFO] BlockDiagram:2759 - set Specific Code input for plugin: GPIO
2024-02-01 18:45:47,381 [INFO] BlockDiagram:2759 - set Specific Code input for plugin: RCC
2024-02-01 18:45:47,381 [INFO] BlockDiagram:2759 - set Specific Code input for plugin: TIM1_8F1
2024-02-01 18:45:47,384 [INFO] CodeGenerator:793 - code generatio: config db path: C:\ST\STM32CubeIDE_1.7.0\STM32CubeIDE\plugins\com.st.stm32cube.common.mx_6.8.0.202302231600\\db\
2024-02-01 18:45:47,599 [INFO] CodeEngine:255 - oldGeneratedFile, D:\Embedded_Programming\STM\STM32\Microprocessors_Microcontrollers_Lab\Microprocessors_Microcontrollers_Lab_5\STM32CubeIDE\STM32ProjectForLab5\MXTmpFiles\license.tmp_save
2024-02-01 18:45:47,702 [INFO] CodeEngine:279 - Generated code: D:\Embedded_Programming\STM\STM32\Microprocessors_Microcontrollers_Lab\Microprocessors_Microcontrollers_Lab_5\STM32CubeIDE\STM32ProjectForLab5\MXTmpFiles\license.tmp
2024-02-01 18:45:47,772 [INFO] CodeEngine:255 - oldGeneratedFile, D:\Embedded_Programming\STM\STM32\Microprocessors_Microcontrollers_Lab\Microprocessors_Microcontrollers_Lab_5\STM32CubeIDE\STM32ProjectForLab5\MXTmpFiles\gpio.tmp_save
2024-02-01 18:45:47,906 [INFO] CodeEngine:279 - Generated code: D:\Embedded_Programming\STM\STM32\Microprocessors_Microcontrollers_Lab\Microprocessors_Microcontrollers_Lab_5\STM32CubeIDE\STM32ProjectForLab5\MXTmpFiles\gpio.tmp
2024-02-01 18:45:47,980 [INFO] CodeEngine:255 - oldGeneratedFile, D:\Embedded_Programming\STM\STM32\Microprocessors_Microcontrollers_Lab\Microprocessors_Microcontrollers_Lab_5\STM32CubeIDE\STM32ProjectForLab5\Core\Src\stm32f1xx_it.c_save
2024-02-01 18:45:48,096 [INFO] CodeEngine:279 - Generated code: D:\Embedded_Programming\STM\STM32\Microprocessors_Microcontrollers_Lab\Microprocessors_Microcontrollers_Lab_5\STM32CubeIDE\STM32ProjectForLab5\Core\Src\stm32f1xx_it.c
2024-02-01 18:45:48,114 [INFO] CodeEngine:255 - oldGeneratedFile, D:\Embedded_Programming\STM\STM32\Microprocessors_Microcontrollers_Lab\Microprocessors_Microcontrollers_Lab_5\STM32CubeIDE\STM32ProjectForLab5\Core\Inc\stm32f1xx_it.h_save
2024-02-01 18:45:48,182 [INFO] CodeEngine:279 - Generated code: D:\Embedded_Programming\STM\STM32\Microprocessors_Microcontrollers_Lab\Microprocessors_Microcontrollers_Lab_5\STM32CubeIDE\STM32ProjectForLab5\Core\Inc\stm32f1xx_it.h
2024-02-01 18:45:48,203 [INFO] CodeEngine:255 - oldGeneratedFile, D:\Embedded_Programming\STM\STM32\Microprocessors_Microcontrollers_Lab\Microprocessors_Microcontrollers_Lab_5\STM32CubeIDE\STM32ProjectForLab5\Core\Src\stm32f1xx_hal_msp.c_save
2024-02-01 18:45:48,316 [INFO] CodeEngine:279 - Generated code: D:\Embedded_Programming\STM\STM32\Microprocessors_Microcontrollers_Lab\Microprocessors_Microcontrollers_Lab_5\STM32CubeIDE\STM32ProjectForLab5\Core\Src\stm32f1xx_hal_msp.c
2024-02-01 18:45:48,322 [INFO] CodeEngine:255 - oldGeneratedFile, D:\Embedded_Programming\STM\STM32\Microprocessors_Microcontrollers_Lab\Microprocessors_Microcontrollers_Lab_5\STM32CubeIDE\STM32ProjectForLab5\MXTmpFiles\system.tmp_save
2024-02-01 18:45:48,369 [INFO] CodeEngine:279 - Generated code: D:\Embedded_Programming\STM\STM32\Microprocessors_Microcontrollers_Lab\Microprocessors_Microcontrollers_Lab_5\STM32CubeIDE\STM32ProjectForLab5\MXTmpFiles\system.tmp
2024-02-01 18:45:48,387 [INFO] CodeEngine:311 - oldGeneratedFile, D:\Embedded_Programming\STM\STM32\Microprocessors_Microcontrollers_Lab\Microprocessors_Microcontrollers_Lab_5\STM32CubeIDE\STM32ProjectForLab5\Core\Inc\stm32f1xx_hal_conf.h_save
2024-02-01 18:45:48,482 [INFO] CodeEngine:335 - Generated code: D:\Embedded_Programming\STM\STM32\Microprocessors_Microcontrollers_Lab\Microprocessors_Microcontrollers_Lab_5\STM32CubeIDE\STM32ProjectForLab5\Core\Inc\stm32f1xx_hal_conf.h
2024-02-01 18:45:48,512 [WARN] IPConfigManager:3431 - IP not found : TIM
2024-02-01 18:45:48,513 [WARN] CodeGenerator:3754 - IP not found : null
2024-02-01 18:45:48,527 [INFO] CodeEngine:255 - oldGeneratedFile, D:\Embedded_Programming\STM\STM32\Microprocessors_Microcontrollers_Lab\Microprocessors_Microcontrollers_Lab_5\STM32CubeIDE\STM32ProjectForLab5\Core\Inc\main.h_save
2024-02-01 18:45:48,688 [INFO] CodeEngine:279 - Generated code: D:\Embedded_Programming\STM\STM32\Microprocessors_Microcontrollers_Lab\Microprocessors_Microcontrollers_Lab_5\STM32CubeIDE\STM32ProjectForLab5\Core\Inc\main.h
2024-02-01 18:45:48,707 [INFO] CodeEngine:255 - oldGeneratedFile, D:\Embedded_Programming\STM\STM32\Microprocessors_Microcontrollers_Lab\Microprocessors_Microcontrollers_Lab_5\STM32CubeIDE\STM32ProjectForLab5\Core\Src\main.c_save
2024-02-01 18:45:48,811 [INFO] CodeEngine:279 - Generated code: D:\Embedded_Programming\STM\STM32\Microprocessors_Microcontrollers_Lab\Microprocessors_Microcontrollers_Lab_5\STM32CubeIDE\STM32ProjectForLab5\Core\Src\main.c
2024-02-01 18:45:49,375 [INFO] ProjectBuilder:2996 - Time for Copy HAL[1] : 92mS.
2024-02-01 18:45:49,377 [INFO] ProjectBuilder:4304 - Project Generator version: 3.19.2
2024-02-01 18:45:49,608 [INFO] ConfigFileManager:1483 - The Die is : DIE412
2024-02-01 18:45:51,105 [INFO] ProjectBuilder:4505 - Time for Generating toolchain IDE Files: 1727mS.
2024-02-01 18:45:51,105 [INFO] ProjectBuilder:2867 - Time for Copy CMSIS : 0mS.
2024-02-01 18:45:51,107 [INFO] ProjectBuilder:2867 - Time for Copy CMSIS : 0mS.
